{"name": "test_birth_certificate_old_upload", "status": "broken", "statusDetails": {"message": "selenium.common.exceptions.TimeoutException: Message: \nStacktrace:\nNoSuchElementError: An element could not be located on the page using the given search parameters.\n    at AndroidUiautomator2Driver.findElOrEls (C:\\Users\\a.jamshidi\\.appium\\node_modules\\appium-uiautomator2-driver\\node_modules\\appium-android-driver\\lib\\commands\\find.ts:86:11)\n    at processTicksAndRejections (node:internal/process/task_queues:95:5)\n    at AndroidUiautomator2Driver.findElOrElsWithProcessing (C:\\Users\\a.jamshidi\\AppData\\Roaming\\npm\\node_modules\\appium\\node_modules\\@appium\\base-driver\\lib\\basedriver\\commands\\find.ts:60:12)\n    at AndroidUiautomator2Driver.findElement (C:\\Users\\a.jamshidi\\AppData\\Roaming\\npm\\node_modules\\appium\\node_modules\\@appium\\base-driver\\lib\\basedriver\\commands\\find.ts:75:12)", "trace": "open_app_without_login = <appium.webdriver.webdriver.WebDriver (session=\"58ec5eb3-41d8-469b-bbab-7e6dd7845257\")>\n\n    @allure.epic(\"KYC\")\n    @allure.feature(\"Create a new user account - Old Birth Certificate Upload\")\n    @allure.story(\"Complete account creation by uploading old birth certificate\")\n    # Suites\n    @allure.suite(f\"version:{VERSION}\")\n    @allure.sub_suite(\"Tests for Old Birth Certificate Upload\")\n    @allure.severity(allure.severity_level.BLOCKER)\n    # Links\n    @allure.link(\"https://jira.sdb247.com/browse/\", name=\"Jira Task\")\n    def test_birth_certificate_old_upload(open_app_without_login):\n        driver = open_app_without_login\n        # تولید داده‌های کاربر\n        phone_number = mobile_number_generator()\n        tracing_code = national_code_generator()\n        username = username_generator()\n        # بارگذاری فایل JSON برای دریافت متون مرجع\n        text_reference = load_text_reference()\n>       setup_user_account_creation_steps(driver, phone_number, tracing_code, username, text_reference)\n\ntests\\kyc\\test_birth_certificate_old_upload.py:48: \n_ _ _ _ _ _ _ _ _ _ _ _ _ _ _ _ _ _ _ _ _ _ _ _ _ _ _ _ _ _ _ _ _ _ _ _ _ _ _ _\nutils\\common_flows.py:658: in setup_user_account_creation_steps\n    raise e\nutils\\common_flows.py:650: in setup_user_account_creation_steps\n    create_account_in_blu_state_page.click_confirm_button()\npages\\kyc\\kyc_pages.py:555: in click_confirm_button\n    confirm_button = WebDriverWait(self.driver, 10).until(\n_ _ _ _ _ _ _ _ _ _ _ _ _ _ _ _ _ _ _ _ _ _ _ _ _ _ _ _ _ _ _ _ _ _ _ _ _ _ _ _\n\nself = <selenium.webdriver.support.wait.WebDriverWait (session=\"58ec5eb3-41d8-469b-bbab-7e6dd7845257\")>\nmethod = <function presence_of_element_located.<locals>._predicate at 0x000001940BF4F820>\nmessage = ''\n\n    def until(self, method: Callable[[D], Union[Literal[False], T]], message: str = \"\") -> T:\n        \"\"\"Calls the method provided with the driver as an argument until the \\\n        return value does not evaluate to ``False``.\n    \n        :param method: callable(WebDriver)\n        :param message: optional message for :exc:`TimeoutException`\n        :returns: the result of the last call to `method`\n        :raises: :exc:`selenium.common.exceptions.TimeoutException` if timeout occurs\n        \"\"\"\n        screen = None\n        stacktrace = None\n    \n        end_time = time.monotonic() + self._timeout\n        while True:\n            try:\n                value = method(self._driver)\n                if value:\n                    return value\n            except self._ignored_exceptions as exc:\n                screen = getattr(exc, \"screen\", None)\n                stacktrace = getattr(exc, \"stacktrace\", None)\n            time.sleep(self._poll)\n            if time.monotonic() > end_time:\n                break\n>       raise TimeoutException(message, screen, stacktrace)\nE       selenium.common.exceptions.TimeoutException: Message: \nE       Stacktrace:\nE       NoSuchElementError: An element could not be located on the page using the given search parameters.\nE           at AndroidUiautomator2Driver.findElOrEls (C:\\Users\\a.jamshidi\\.appium\\node_modules\\appium-uiautomator2-driver\\node_modules\\appium-android-driver\\lib\\commands\\find.ts:86:11)\nE           at processTicksAndRejections (node:internal/process/task_queues:95:5)\nE           at AndroidUiautomator2Driver.findElOrElsWithProcessing (C:\\Users\\a.jamshidi\\AppData\\Roaming\\npm\\node_modules\\appium\\node_modules\\@appium\\base-driver\\lib\\basedriver\\commands\\find.ts:60:12)\nE           at AndroidUiautomator2Driver.findElement (C:\\Users\\a.jamshidi\\AppData\\Roaming\\npm\\node_modules\\appium\\node_modules\\@appium\\base-driver\\lib\\basedriver\\commands\\find.ts:75:12)\n\n..\\..\\android_automation\\android_automation\\.venv\\lib\\site-packages\\selenium\\webdriver\\support\\wait.py:105: TimeoutException"}, "steps": [{"name": "User Information Setup", "status": "passed", "start": 1740562234167, "stop": 1740562234167}, {"name": "Click on 'Create Account' button", "status": "passed", "start": 1740562237622, "stop": 1740562238562}, {"name": "Click on 'Open Account' button", "status": "passed", "start": 1740562238641, "stop": 1740562240458}, {"name": "Click on 'UAT' from server selection", "status": "passed", "start": 1740562240458, "stop": 1740562240602}, {"name": "Click on 'Start' button", "status": "passed", "start": 1740562240602, "stop": 1740562242812}, {"name": "Check 'accept_rule_page_title' text", "status": "passed", "start": 1740562242812, "stop": 1740562242891}, {"name": "Check 'accept_rule_page_subtitle' text", "status": "passed", "start": 1740562242891, "stop": 1740562242955}, {"name": "Check 'create_account_step_title' text", "status": "passed", "start": 1740562242955, "stop": 1740562243077}, {"name": "Check 'create_account_step_subtitle' text", "status": "passed", "start": 1740562243077, "stop": 1740562243186}, {"name": "Check 'Identification_step_title' text", "status": "passed", "start": 1740562243186, "stop": 1740562243310}, {"name": "Check 'Check_information_step_title' text", "status": "passed", "start": 1740562243310, "stop": 1740562243439}, {"name": "Check 'card_order_step_title' text", "status": "passed", "start": 1740562243439, "stop": 1740562243580}, {"name": "Check 'rules_and_regulations_title' text", "status": "passed", "start": 1740562243580, "stop": 1740562243710}, {"name": "Check 'confirm_button_title' text", "status": "passed", "start": 1740562243710, "stop": 1740562243851}, {"name": "Check and toggle the agreement switch", "status": "passed", "start": 1740562243852, "stop": 1740562245015}, {"name": "Click confirm button after toggle", "status": "passed", "start": 1740562245015, "stop": 1740562246421}, {"name": "Check 'phone_number_page_header' text", "status": "passed", "start": 1740562246421, "stop": 1740562246533}, {"name": "Check 'phone_number_page_title' text", "status": "passed", "start": 1740562246533, "stop": 1740562246631}, {"name": "Check 'phone_number_field_text' text", "status": "passed", "start": 1740562246632, "stop": 1740562246745}, {"name": "Check 'phone_number_page_subtitle' text", "status": "passed", "start": 1740562246745, "stop": 1740562246846}, {"name": "Enter phone number", "status": "passed", "start": 1740562246846, "stop": 1740562247617}, {"name": "Click next button", "status": "passed", "start": 1740562247617, "stop": 1740562250780}, {"name": "Check 'مانند:‌ MDMGKP' text", "status": "passed", "start": 1740562250780, "stop": 1740562250895}, {"name": "Check 'referral_page_title' text", "status": "passed", "start": 1740562250895, "stop": 1740562250979}, {"name": "Click next button", "status": "passed", "start": 1740562250979, "stop": 1740562252375}, {"name": "Check 'national_code_title' text", "status": "passed", "start": 1740562252375, "stop": 1740562252465}, {"name": "Check 'کد ملی ۱۰ رقمی' text", "status": "passed", "start": 1740562252465, "stop": 1740562252549}, {"name": "Enter national code", "status": "passed", "start": 1740562252549, "stop": 1740562253309}, {"name": "Click next button", "status": "passed", "start": 1740562253309, "stop": 1740562255485}, {"name": "Check 'birth_day_page_title' text", "status": "passed", "start": 1740562255485, "stop": 1740562255590}, {"name": "Check 'birth_day_empty_field_text' text", "status": "passed", "start": 1740562255590, "stop": 1740562255693}, {"name": "Scroll year field", "status": "passed", "start": 1740562255693, "stop": 1740562256309}, {"name": "Click next button", "status": "passed", "start": 1740562256310, "stop": 1740562258811}, {"name": "Check 'username_page_title' text", "status": "passed", "start": 1740562258812, "stop": 1740562258910}, {"name": "Check 'username_field_text' text", "status": "passed", "start": 1740562258910, "stop": 1740562259026}, {"name": "Enter new username", "status": "passed", "start": 1740562259026, "stop": 1740562260442}, {"name": "Click next button", "status": "passed", "start": 1740562260442, "stop": 1740562261907}, {"name": "Check 'password_page_title' text", "status": "passed", "start": 1740562261907, "stop": 1740562262009}, {"name": "Check 'password_page_field_text' text", "status": "passed", "start": 1740562262009, "stop": 1740562262115}, {"name": "Check 'password_condition_lowercase_and_uppercase' text", "status": "passed", "start": 1740562262116, "stop": 1740562262216}, {"name": "Check 'password_condition_minimum_characters' text", "status": "passed", "start": 1740562262216, "stop": 1740562262315}, {"name": "Check 'password_condition_number' text", "status": "passed", "start": 1740562262315, "stop": 1740562262433}, {"name": "Check 'password_page_subtitle' text", "status": "passed", "start": 1740562262434, "stop": 1740562262522}, {"name": "Enter password", "status": "passed", "start": 1740562262522, "stop": 1740562263290}, {"name": "Click next button", "status": "passed", "start": 1740562263290, "stop": 1740562265637}, {"name": "Click next button", "status": "broken", "statusDetails": {"message": "selenium.common.exceptions.TimeoutException: Message: \nStacktrace:\nNoSuchElementError: An element could not be located on the page using the given search parameters.\n    at AndroidUiautomator2Driver.findElOrEls (C:\\Users\\a.jamshidi\\.appium\\node_modules\\appium-uiautomator2-driver\\node_modules\\appium-android-driver\\lib\\commands\\find.ts:86:11)\n    at processTicksAndRejections (node:internal/process/task_queues:95:5)\n    at AndroidUiautomator2Driver.findElOrElsWithProcessing (C:\\Users\\a.jamshidi\\AppData\\Roaming\\npm\\node_modules\\appium\\node_modules\\@appium\\base-driver\\lib\\basedriver\\commands\\find.ts:60:12)\n    at AndroidUiautomator2Driver.findElement (C:\\Users\\a.jamshidi\\AppData\\Roaming\\npm\\node_modules\\appium\\node_modules\\@appium\\base-driver\\lib\\basedriver\\commands\\find.ts:75:12)\n", "trace": "  File \"C:\\Users\\a.jamshidi\\Videos\\android-automation\\utils\\common_flows.py\", line 650, in setup_user_account_creation_steps\n    create_account_in_blu_state_page.click_confirm_button()\n  File \"C:\\Users\\a.jamshidi\\Videos\\android-automation\\pages\\kyc\\kyc_pages.py\", line 555, in click_confirm_button\n    confirm_button = WebDriverWait(self.driver, 10).until(\n  File \"C:\\Users\\a.jamshidi\\android_automation\\android_automation\\.venv\\lib\\site-packages\\selenium\\webdriver\\support\\wait.py\", line 105, in until\n    raise TimeoutException(message, screen, stacktrace)\n"}, "start": 1740562265637, "stop": 1740562275730}], "attachments": [{"name": "Error Screenshot", "source": "551acacc-b6ea-45d1-9562-e0f61caccc64-attachment.png", "type": "image/png"}, {"name": "log", "source": "d5b716fb-d5b3-4f87-817d-4dfa2474d3e8-attachment.txt", "type": "text/plain"}, {"name": "stderr", "source": "b7924ec1-d2f0-4592-81f1-fc9ba6f95fc5-attachment.txt", "type": "text/plain"}], "parameters": [{"name": "Phone Number", "value": "'09186154673'"}, {"name": "National Code", "value": "'6607090583'"}, {"name": "Username", "value": "'force_card17'"}], "start": 1740562234164, "stop": 1740562276288, "uuid": "00a77568-a747-4438-a4fc-0f5670d60446", "historyId": "408df72a6680d7d4dec4f6375c183f1a", "testCaseId": "8dd0fc9c43daa497976fa20cd9650433", "fullName": "tests.kyc.test_birth_certificate_old_upload#test_birth_certificate_old_upload", "labels": [{"name": "epic", "value": "KYC"}, {"name": "subSuite", "value": "Tests for Old Birth Certificate Upload"}, {"name": "story", "value": "Complete account creation by uploading old birth certificate"}, {"name": "feature", "value": "Create a new user account - Old Birth Certificate Upload"}, {"name": "suite", "value": "version:v3.5.0"}, {"name": "severity", "value": "blocker"}, {"name": "parentSuite", "value": "tests.kyc"}, {"name": "host", "value": "ajamshidi-lap-qa"}, {"name": "thread", "value": "57572-MainThread"}, {"name": "framework", "value": "pytest"}, {"name": "language", "value": "cpython3"}, {"name": "package", "value": "tests.kyc.test_birth_certificate_old_upload"}], "links": [{"type": "link", "url": "https://jira.sdb247.com/browse/", "name": "Jira Task"}]}