{"name": "test_hub_page_texts[suspeeeend106]", "status": "broken", "statusDetails": {"message": "selenium.common.exceptions.TimeoutException: Message: \nStacktrace:\nNoSuchElementError: An element could not be located on the page using the given search parameters.\n    at AndroidUiautomator2Driver.findElOrEls (C:\\Users\\a.jamshidi\\.appium\\node_modules\\appium-uiautomator2-driver\\node_modules\\appium-android-driver\\lib\\commands\\find.ts:86:11)\n    at processTicksAndRejections (node:internal/process/task_queues:95:5)\n    at AndroidUiautomator2Driver.findElOrElsWithProcessing (C:\\Users\\a.jamshidi\\AppData\\Roaming\\npm\\node_modules\\appium\\node_modules\\@appium\\base-driver\\lib\\basedriver\\commands\\find.ts:60:12)\n    at AndroidUiautomator2Driver.findElement (C:\\Users\\a.jamshidi\\AppData\\Roaming\\npm\\node_modules\\appium\\node_modules\\@appium\\base-driver\\lib\\basedriver\\commands\\find.ts:75:12)", "trace": "login_and_dashboard = (<appium.webdriver.webdriver.WebDriver (session=\"0971cabe-1db6-4e7f-95f8-51b46d812ade\")>, <pages.dashboard.dashboard_page.DashboardPage object at 0x0000020ABED11A90>)\n\n    @allure.epic(\"Hub\")\n    @allure.feature(\"Hub Page\")\n    @allure.story(\"Verify all displayed texts on Hub Page\")\n    # Suites\n    @allure.suite(f\"Version:{VERSION}\")\n    @allure.sub_suite(\"Text Verification for Hub Page\")\n    @allure.severity(allure.severity_level.CRITICAL)\n    @pytest.mark.parametrize(\"login_and_dashboard\", [\"suspeeeend106\"], indirect=True)\n    def test_hub_page_texts(login_and_dashboard):\n        driver, dashboard_page = login_and_dashboard\n        text_reference = load_text_reference()\n        hub_texts = text_reference[\"hub_page\"]\n        hub_page = HubPage(driver)\n    \n        try:\n            with allure.step(\"Navigate to Hub Page\"):\n                logger.info(\"ورود به صفحه هاب...\")\n                dashboard_page.hub_tab_button()\n                logger.info(\"وارد صفحه هاب شد.\")\n    \n            # بررسی متن‌های اصلی\n            with allure.step(\"Verify QR Title Text\"):\n                check_text_match(\n                    hub_page.scroll(),\n                    hub_texts[\"qr_title\"],\n                    \"عنوان QR\"\n                )\n    \n            with allure.step(\"Verify Charge Text\"):\n                check_text_match(\n                    hub_page.get_charge_text(),\n                    hub_texts[\"charge_text\"],\n                    \"متن گزینه شارژ\"\n                )\n    \n            with allure.step(\"Verify Internet Text\"):\n                check_text_match(\n                    hub_page.get_internet_text(),\n                    hub_texts[\"internet_text\"],\n                    \"متن گزینه اینترنت\"\n                )\n    \n            with allure.step(\"Verify Bill Text\"):\n                check_text_match(\n                    hub_page.get_bill_text(),\n                    hub_texts[\"bill_text\"],\n                    \"متن گزینه قبض\"\n                )\n    \n            with allure.step(\"Verify Refund Text\"):\n                check_text_match(\n                    hub_page.get_refund_text(),\n                    hub_texts[\"refund_text\"],\n                    \"متن گزینه برگشت پول\"\n                )\n    \n            with allure.step(\"Verify loan Text\"):\n                check_text_match(\n                    hub_page.get_loan_text(),\n                    hub_texts[\"loan_text\"],\n                    \"متن گزینه وام\"\n                )\n    \n            with allure.step(\"Verify check Text\"):\n                check_text_match(\n                    hub_page.get_check_text(),\n                    hub_texts[\"check_text\"],\n                    \"متن گزینه چک\"\n                )\n    \n            with allure.step(\"Verify dong Text\"):\n                check_text_match(\n                    hub_page.get_dong_text(),\n                    hub_texts[\"dong_text\"],\n                    \"متن گزینه دنگ\"\n                )\n    \n            with allure.step(\"Verify auto payment Text\"):\n                check_text_match(\n                    hub_page.get_auto_payment_text(),\n                    hub_texts[\"auto_payment_text\"],\n                    \"متن گزینه پرداخت خودکار\"\n                )\n    \n            with allure.step(\"Verify car services Text\"):\n                check_text_match(\n                    hub_page.get_car_services_text(),\n                    hub_texts[\"car_services_text\"],\n                    \"متن گزینه خدمات خودرو\"\n                )\n    \n            with allure.step(\"Verify invite friends Text\"):\n                check_text_match(\n                    hub_page.get_invite_friends_text(),\n                    hub_texts[\"invite_friends_text\"],\n                    \"متن گزینه دعوت دوستان\"\n                )\n    \n            with allure.step(\"Verify junior Text\"):\n                check_text_match(\n                    hub_page.get_junior_text(),\n                    hub_texts[\"junior_text\"],\n                    \"متن گزینه جونیور\"\n                )\n    \n    \n        except Exception as e:\n            logger.error(f\"خطا در بررسی متن‌های هاب: {e}\")\n            screenshot_path = capture_screenshot(driver, \"hub_text_verification_error\")\n            allure.attach.file(screenshot_path, name=\"Hub Error\", attachment_type=allure.attachment_type.PNG)\n>           raise e\n\ntests\\hub\\test_hub_page.py:133: \n_ _ _ _ _ _ _ _ _ _ _ _ _ _ _ _ _ _ _ _ _ _ _ _ _ _ _ _ _ _ _ _ _ _ _ _ _ _ _ _\ntests\\hub\\test_hub_page.py:53: in test_hub_page_texts\n    hub_page.get_charge_text(),\npages\\hub\\hub_page.py:40: in get_charge_text\n    return self.get_element_text(locator)\npages\\base_page.py:34: in get_element_text\n    element = self.find_element(locator, timeout)\npages\\base_page.py:21: in find_element\n    return WebDriverWait(self.driver, timeout).until(EC.presence_of_element_located(locator))\n_ _ _ _ _ _ _ _ _ _ _ _ _ _ _ _ _ _ _ _ _ _ _ _ _ _ _ _ _ _ _ _ _ _ _ _ _ _ _ _\n\nself = <selenium.webdriver.support.wait.WebDriverWait (session=\"0971cabe-1db6-4e7f-95f8-51b46d812ade\")>\nmethod = <function presence_of_element_located.<locals>._predicate at 0x0000020ABED17C10>\nmessage = ''\n\n    def until(self, method: Callable[[D], Union[Literal[False], T]], message: str = \"\") -> T:\n        \"\"\"Calls the method provided with the driver as an argument until the \\\n        return value does not evaluate to ``False``.\n    \n        :param method: callable(WebDriver)\n        :param message: optional message for :exc:`TimeoutException`\n        :returns: the result of the last call to `method`\n        :raises: :exc:`selenium.common.exceptions.TimeoutException` if timeout occurs\n        \"\"\"\n        screen = None\n        stacktrace = None\n    \n        end_time = time.monotonic() + self._timeout\n        while True:\n            try:\n                value = method(self._driver)\n                if value:\n                    return value\n            except self._ignored_exceptions as exc:\n                screen = getattr(exc, \"screen\", None)\n                stacktrace = getattr(exc, \"stacktrace\", None)\n            time.sleep(self._poll)\n            if time.monotonic() > end_time:\n                break\n>       raise TimeoutException(message, screen, stacktrace)\nE       selenium.common.exceptions.TimeoutException: Message: \nE       Stacktrace:\nE       NoSuchElementError: An element could not be located on the page using the given search parameters.\nE           at AndroidUiautomator2Driver.findElOrEls (C:\\Users\\a.jamshidi\\.appium\\node_modules\\appium-uiautomator2-driver\\node_modules\\appium-android-driver\\lib\\commands\\find.ts:86:11)\nE           at processTicksAndRejections (node:internal/process/task_queues:95:5)\nE           at AndroidUiautomator2Driver.findElOrElsWithProcessing (C:\\Users\\a.jamshidi\\AppData\\Roaming\\npm\\node_modules\\appium\\node_modules\\@appium\\base-driver\\lib\\basedriver\\commands\\find.ts:60:12)\nE           at AndroidUiautomator2Driver.findElement (C:\\Users\\a.jamshidi\\AppData\\Roaming\\npm\\node_modules\\appium\\node_modules\\@appium\\base-driver\\lib\\basedriver\\commands\\find.ts:75:12)\n\n..\\..\\android_automation\\android_automation\\.venv\\lib\\site-packages\\selenium\\webdriver\\support\\wait.py:105: TimeoutException"}, "steps": [{"name": "Navigate to Hub Page", "status": "passed", "start": 1740208220189, "stop": 1740208221585}, {"name": "Verify QR Title Text", "status": "passed", "attachments": [{"name": "عنوان QR Mismatch", "source": "b69d5cea-5c13-4f50-971c-3c90d5c70b26-attachment.txt", "type": "text/plain"}], "start": 1740208221585, "stop": 1740208222550}, {"name": "Verify Charge Text", "status": "broken", "statusDetails": {"message": "selenium.common.exceptions.TimeoutException: Message: \nStacktrace:\nNoSuchElementError: An element could not be located on the page using the given search parameters.\n    at AndroidUiautomator2Driver.findElOrEls (C:\\Users\\a.jamshidi\\.appium\\node_modules\\appium-uiautomator2-driver\\node_modules\\appium-android-driver\\lib\\commands\\find.ts:86:11)\n    at processTicksAndRejections (node:internal/process/task_queues:95:5)\n    at AndroidUiautomator2Driver.findElOrElsWithProcessing (C:\\Users\\a.jamshidi\\AppData\\Roaming\\npm\\node_modules\\appium\\node_modules\\@appium\\base-driver\\lib\\basedriver\\commands\\find.ts:60:12)\n    at AndroidUiautomator2Driver.findElement (C:\\Users\\a.jamshidi\\AppData\\Roaming\\npm\\node_modules\\appium\\node_modules\\@appium\\base-driver\\lib\\basedriver\\commands\\find.ts:75:12)\n", "trace": "  File \"C:\\Users\\a.jamshidi\\Videos\\android-automation\\tests\\hub\\test_hub_page.py\", line 53, in test_hub_page_texts\n    hub_page.get_charge_text(),\n  File \"C:\\Users\\a.jamshidi\\Videos\\android-automation\\pages\\hub\\hub_page.py\", line 40, in get_charge_text\n    return self.get_element_text(locator)\n  File \"C:\\Users\\a.jamshidi\\Videos\\android-automation\\pages\\base_page.py\", line 34, in get_element_text\n    element = self.find_element(locator, timeout)\n  File \"C:\\Users\\a.jamshidi\\Videos\\android-automation\\pages\\base_page.py\", line 21, in find_element\n    return WebDriverWait(self.driver, timeout).until(EC.presence_of_element_located(locator))\n  File \"C:\\Users\\a.jamshidi\\android_automation\\android_automation\\.venv\\lib\\site-packages\\selenium\\webdriver\\support\\wait.py\", line 105, in until\n    raise TimeoutException(message, screen, stacktrace)\n"}, "start": 1740208222550, "stop": 1740208228032}], "attachments": [{"name": "Hub Error", "source": "08ffb085-6387-43b2-95e7-d18c15cf8919-attachment.png", "type": "image/png"}, {"name": "log", "source": "1d6aced9-2cfa-4c86-a9a5-d97b053c91a0-attachment.txt", "type": "text/plain"}, {"name": "stderr", "source": "186e55a6-1fdd-4a36-8b18-02c75ac9e2da-attachment.txt", "type": "text/plain"}], "parameters": [{"name": "login_and_dashboard", "value": "'suspeeeend106'"}], "start": 1740208220188, "stop": 1740208228525, "uuid": "065215ec-b339-45d3-9dfd-ffd2e80b5f54", "historyId": "1a3cf660a0a425868b40ebcc3833428d", "testCaseId": "e6b0eac4322306f60026aa04bcf386fd", "fullName": "tests.hub.test_hub_page#test_hub_page_texts", "labels": [{"name": "story", "value": "Verify all displayed texts on Hub Page"}, {"name": "severity", "value": "critical"}, {"name": "subSuite", "value": "Text Verification for Hub Page"}, {"name": "feature", "value": "Hub Page"}, {"name": "suite", "value": "Version:v3.5.0"}, {"name": "epic", "value": "Hub"}, {"name": "parentSuite", "value": "tests.hub"}, {"name": "host", "value": "ajamshidi-lap-qa"}, {"name": "thread", "value": "292604-MainThread"}, {"name": "framework", "value": "pytest"}, {"name": "language", "value": "cpython3"}, {"name": "package", "value": "tests.hub.test_hub_page"}]}