{"name": "test_birth_certificate_old_upload", "status": "broken", "statusDetails": {"message": "selenium.common.exceptions.TimeoutException: Message: \nStacktrace:\nNoSuchElementError: An element could not be located on the page using the given search parameters.\n    at AndroidUiautomator2Driver.findElOrEls (C:\\Users\\a.jamshidi\\.appium\\node_modules\\appium-uiautomator2-driver\\node_modules\\appium-android-driver\\lib\\commands\\find.ts:86:11)\n    at processTicksAndRejections (node:internal/process/task_queues:95:5)\n    at AndroidUiautomator2Driver.findElOrElsWithProcessing (C:\\Users\\a.jamshidi\\AppData\\Roaming\\npm\\node_modules\\appium\\node_modules\\@appium\\base-driver\\lib\\basedriver\\commands\\find.ts:60:12)\n    at AndroidUiautomator2Driver.findElement (C:\\Users\\a.jamshidi\\AppData\\Roaming\\npm\\node_modules\\appium\\node_modules\\@appium\\base-driver\\lib\\basedriver\\commands\\find.ts:75:12)", "trace": "open_app_without_login = <appium.webdriver.webdriver.WebDriver (session=\"f546eab8-4a33-4978-b66c-fa3e8e806f98\")>\n\n    @allure.epic(\"KYC\")\n    @allure.feature(\"Create a new user account - Old Birth Certificate Upload\")\n    @allure.story(\"Complete account creation by uploading old birth certificate\")\n    # Suites\n    @allure.suite(f\"version:{VERSION}\")\n    @allure.sub_suite(\"Tests for Old Birth Certificate Upload\")\n    @allure.severity(allure.severity_level.BLOCKER)\n    # Links\n    @allure.link(\"https://jira.sdb247.com/browse/\", name=\"Jira Task\")\n    def test_birth_certificate_old_upload(open_app_without_login):\n        driver = open_app_without_login\n        # تولید داده‌های کاربر\n        phone_number = mobile_number_generator()\n        tracing_code = national_code_generator()\n        username = username_generator()\n        # بارگذاری فایل JSON برای دریافت متون مرجع\n        text_reference = load_text_reference()\n>       setup_user_account_creation_steps(driver, phone_number, tracing_code, username, text_reference)\n\ntests\\kyc\\test_birth_certificate_old_upload.py:48: \n_ _ _ _ _ _ _ _ _ _ _ _ _ _ _ _ _ _ _ _ _ _ _ _ _ _ _ _ _ _ _ _ _ _ _ _ _ _ _ _\nutils\\common_flows.py:658: in setup_user_account_creation_steps\n    raise e\nutils\\common_flows.py:475: in setup_user_account_creation_steps\n    actual_text = birth_day_page.get_birth_day_page_title()\npages\\kyc\\kyc_pages.py:412: in get_birth_day_page_title\n    birth_day_page_title = WebDriverWait(self.driver, 10).until(\n_ _ _ _ _ _ _ _ _ _ _ _ _ _ _ _ _ _ _ _ _ _ _ _ _ _ _ _ _ _ _ _ _ _ _ _ _ _ _ _\n\nself = <selenium.webdriver.support.wait.WebDriverWait (session=\"f546eab8-4a33-4978-b66c-fa3e8e806f98\")>\nmethod = <function presence_of_element_located.<locals>._predicate at 0x000001A51490F3A0>\nmessage = ''\n\n    def until(self, method: Callable[[D], Union[Literal[False], T]], message: str = \"\") -> T:\n        \"\"\"Calls the method provided with the driver as an argument until the \\\n        return value does not evaluate to ``False``.\n    \n        :param method: callable(WebDriver)\n        :param message: optional message for :exc:`TimeoutException`\n        :returns: the result of the last call to `method`\n        :raises: :exc:`selenium.common.exceptions.TimeoutException` if timeout occurs\n        \"\"\"\n        screen = None\n        stacktrace = None\n    \n        end_time = time.monotonic() + self._timeout\n        while True:\n            try:\n                value = method(self._driver)\n                if value:\n                    return value\n            except self._ignored_exceptions as exc:\n                screen = getattr(exc, \"screen\", None)\n                stacktrace = getattr(exc, \"stacktrace\", None)\n            time.sleep(self._poll)\n            if time.monotonic() > end_time:\n                break\n>       raise TimeoutException(message, screen, stacktrace)\nE       selenium.common.exceptions.TimeoutException: Message: \nE       Stacktrace:\nE       NoSuchElementError: An element could not be located on the page using the given search parameters.\nE           at AndroidUiautomator2Driver.findElOrEls (C:\\Users\\a.jamshidi\\.appium\\node_modules\\appium-uiautomator2-driver\\node_modules\\appium-android-driver\\lib\\commands\\find.ts:86:11)\nE           at processTicksAndRejections (node:internal/process/task_queues:95:5)\nE           at AndroidUiautomator2Driver.findElOrElsWithProcessing (C:\\Users\\a.jamshidi\\AppData\\Roaming\\npm\\node_modules\\appium\\node_modules\\@appium\\base-driver\\lib\\basedriver\\commands\\find.ts:60:12)\nE           at AndroidUiautomator2Driver.findElement (C:\\Users\\a.jamshidi\\AppData\\Roaming\\npm\\node_modules\\appium\\node_modules\\@appium\\base-driver\\lib\\basedriver\\commands\\find.ts:75:12)\n\n..\\..\\android_automation\\android_automation\\.venv\\lib\\site-packages\\selenium\\webdriver\\support\\wait.py:105: TimeoutException"}, "steps": [{"name": "User Information Setup", "status": "passed", "start": 1740563969824, "stop": 1740563969825}, {"name": "Click on 'Create Account' button", "status": "passed", "start": 1740563970628, "stop": 1740563980894}, {"name": "Click on 'Open Account' button", "status": "passed", "start": 1740563984409, "stop": 1740563985886}, {"name": "Click on 'UAT' from server selection", "status": "passed", "start": 1740563985886, "stop": 1740563986037}, {"name": "Click on 'Start' button", "status": "passed", "start": 1740563986037, "stop": 1740563988395}, {"name": "Check 'accept_rule_page_title' text", "status": "passed", "start": 1740563988395, "stop": 1740563988496}, {"name": "Check 'accept_rule_page_subtitle' text", "status": "passed", "start": 1740563988496, "stop": 1740563988587}, {"name": "Check 'create_account_step_title' text", "status": "passed", "start": 1740563988587, "stop": 1740563988706}, {"name": "Check 'create_account_step_subtitle' text", "status": "passed", "start": 1740563988706, "stop": 1740563988837}, {"name": "Check 'Identification_step_title' text", "status": "passed", "start": 1740563988837, "stop": 1740563988941}, {"name": "Check 'Check_information_step_title' text", "status": "passed", "start": 1740563988941, "stop": 1740563989082}, {"name": "Check 'card_order_step_title' text", "status": "passed", "start": 1740563989082, "stop": 1740563989231}, {"name": "Check 'rules_and_regulations_title' text", "status": "passed", "start": 1740563989231, "stop": 1740563989365}, {"name": "Check 'confirm_button_title' text", "status": "passed", "start": 1740563989365, "stop": 1740563989503}, {"name": "Check and toggle the agreement switch", "status": "passed", "start": 1740563989503, "stop": 1740563990718}, {"name": "Click confirm button after toggle", "status": "passed", "start": 1740563990718, "stop": 1740563992100}, {"name": "Check 'phone_number_page_header' text", "status": "passed", "start": 1740563992100, "stop": 1740563992199}, {"name": "Check 'phone_number_page_title' text", "status": "passed", "start": 1740563992199, "stop": 1740563992293}, {"name": "Check 'phone_number_field_text' text", "status": "passed", "start": 1740563992293, "stop": 1740563992387}, {"name": "Check 'phone_number_page_subtitle' text", "status": "passed", "start": 1740563992387, "stop": 1740563992468}, {"name": "Enter phone number", "status": "passed", "start": 1740563992468, "stop": 1740563992622}, {"name": "Click next button", "status": "passed", "start": 1740563992622, "stop": 1740563995612}, {"name": "Check 'مانند:‌ MDMGKP' text", "status": "passed", "start": 1740563995612, "stop": 1740563995707}, {"name": "Check 'referral_page_title' text", "status": "passed", "start": 1740563995707, "stop": 1740563995784}, {"name": "Click next button", "status": "passed", "start": 1740563995785, "stop": 1740563997270}, {"name": "Check 'national_code_title' text", "status": "passed", "start": 1740563997270, "stop": 1740563997357}, {"name": "Check 'کد ملی ۱۰ رقمی' text", "status": "passed", "start": 1740563997357, "stop": 1740563997448}, {"name": "Enter national code", "status": "passed", "start": 1740563997448, "stop": 1740563998189}, {"name": "Click next button", "status": "passed", "start": 1740563998189, "stop": 1740563999528}, {"name": "Check 'birth_day_page_title' text", "status": "broken", "statusDetails": {"message": "selenium.common.exceptions.TimeoutException: Message: \nStacktrace:\nNoSuchElementError: An element could not be located on the page using the given search parameters.\n    at AndroidUiautomator2Driver.findElOrEls (C:\\Users\\a.jamshidi\\.appium\\node_modules\\appium-uiautomator2-driver\\node_modules\\appium-android-driver\\lib\\commands\\find.ts:86:11)\n    at processTicksAndRejections (node:internal/process/task_queues:95:5)\n    at AndroidUiautomator2Driver.findElOrElsWithProcessing (C:\\Users\\a.jamshidi\\AppData\\Roaming\\npm\\node_modules\\appium\\node_modules\\@appium\\base-driver\\lib\\basedriver\\commands\\find.ts:60:12)\n    at AndroidUiautomator2Driver.findElement (C:\\Users\\a.jamshidi\\AppData\\Roaming\\npm\\node_modules\\appium\\node_modules\\@appium\\base-driver\\lib\\basedriver\\commands\\find.ts:75:12)\n", "trace": "  File \"C:\\Users\\a.jamshidi\\Videos\\android-automation\\utils\\common_flows.py\", line 475, in setup_user_account_creation_steps\n    actual_text = birth_day_page.get_birth_day_page_title()\n  File \"C:\\Users\\a.jamshidi\\Videos\\android-automation\\pages\\kyc\\kyc_pages.py\", line 412, in get_birth_day_page_title\n    birth_day_page_title = WebDriverWait(self.driver, 10).until(\n  File \"C:\\Users\\a.jamshidi\\android_automation\\android_automation\\.venv\\lib\\site-packages\\selenium\\webdriver\\support\\wait.py\", line 105, in until\n    raise TimeoutException(message, screen, stacktrace)\n"}, "start": 1740563999528, "stop": 1740564009692}], "attachments": [{"name": "Error Screenshot", "source": "9e3e94bd-9075-4f70-9023-3b29419c1c1d-attachment.png", "type": "image/png"}, {"name": "log", "source": "c104fa21-264f-4fce-b256-75ec1d1ed499-attachment.txt", "type": "text/plain"}, {"name": "stderr", "source": "1dfc4000-0eea-419c-a8a9-106aa2509e89-attachment.txt", "type": "text/plain"}], "parameters": [{"name": "Phone Number", "value": "'09196458159'"}, {"name": "National Code", "value": "'0190998326'"}, {"name": "Username", "value": "'boxtest15'"}], "start": 1740563969823, "stop": 1740564010128, "uuid": "96a2191f-28a9-4d2e-82b6-ac78cff6a6c5", "historyId": "7a601a6e8249e3ff5c906744953663c9", "testCaseId": "8dd0fc9c43daa497976fa20cd9650433", "fullName": "tests.kyc.test_birth_certificate_old_upload#test_birth_certificate_old_upload", "labels": [{"name": "epic", "value": "KYC"}, {"name": "severity", "value": "blocker"}, {"name": "story", "value": "Complete account creation by uploading old birth certificate"}, {"name": "feature", "value": "Create a new user account - Old Birth Certificate Upload"}, {"name": "subSuite", "value": "Tests for Old Birth Certificate Upload"}, {"name": "suite", "value": "version:v3.5.0"}, {"name": "parentSuite", "value": "tests.kyc"}, {"name": "host", "value": "ajamshidi-lap-qa"}, {"name": "thread", "value": "99836-MainThread"}, {"name": "framework", "value": "pytest"}, {"name": "language", "value": "cpython3"}, {"name": "package", "value": "tests.kyc.test_birth_certificate_old_upload"}], "links": [{"type": "link", "url": "https://jira.sdb247.com/browse/", "name": "Jira Task"}]}