{"name": "test_transfer_page[andauto1]", "status": "broken", "statusDetails": {"message": "selenium.common.exceptions.TimeoutException: Message: \nStacktrace:\nNoSuchElementError: An element could not be located on the page using the given search parameters.\n    at AndroidUiautomator2Driver.findElOrEls (C:\\Users\\a.jamshidi\\.appium\\node_modules\\appium-uiautomator2-driver\\node_modules\\appium-android-driver\\lib\\commands\\find.ts:86:11)\n    at processTicksAndRejections (node:internal/process/task_queues:95:5)\n    at AndroidUiautomator2Driver.findElOrElsWithProcessing (C:\\Users\\a.jamshidi\\AppData\\Roaming\\npm\\node_modules\\appium\\node_modules\\@appium\\base-driver\\lib\\basedriver\\commands\\find.ts:60:12)\n    at AndroidUiautomator2Driver.findElement (C:\\Users\\a.jamshidi\\AppData\\Roaming\\npm\\node_modules\\appium\\node_modules\\@appium\\base-driver\\lib\\basedriver\\commands\\find.ts:75:12)", "trace": "login_and_dashboard = (<appium.webdriver.webdriver.WebDriver (session=\"0feee9d3-5379-4e0c-a897-348b68305c8a\")>, <pages.dashboard.dashboard_page.DashboardPage object at 0x0000022E1F78EA60>)\n\n    @allure.epic(\"Transfer\")\n    @allure.feature(\"Transfer Page Verification\")\n    @allure.story(\"Verify all text elements and functionality on Transfer page\")\n    # Suites\n    @allure.suite(f\"Version:{VERSION}\")\n    @allure.sub_suite(\"Text and Functionality Verification for Transfer Page\")\n    @allure.severity(allure.severity_level.CRITICAL)\n    @pytest.mark.parametrize(\"login_and_dashboard\", [\"andauto1\"], indirect=True)\n    def test_transfer_page(login_and_dashboard):\n        driver, dashboard_page = login_and_dashboard\n        text_reference = load_text_reference()\n        trx_texts = text_reference[\"transfer_page\"]\n        transfer_page = TransferPage(driver)\n        try:\n            with allure.step(\"Navigate to Transfer Tab\"):\n                logger.info(\"ورود به تب انتقال...\")\n                dashboard_page.transfer_tab_button()\n                logger.info(\"وارد تب انتقال شد.\")\n    \n            with allure.step(\"Close the onboarding page\"):\n                logger.info(\"بستن صفحه انبوردینگ...\")\n                transfer_page.close_onboarding()\n                logger.info(\"صفحه انبوردینگ بسته شد.\")\n    \n            with allure.step(\"Verify 'Transfer Title' Text\"):\n                logger.info(\"بررسی متن 'انتقال'...\")\n                check_text_match(\n                    transfer_page.get_transfer_page_title_text(),\n                    trx_texts[\"transfer_title\"],\n                    \"متن عنوان صفحه انتقال\"\n                )\n    \n            with allure.step(\"Verify 'Promo Title' Text\"):\n                logger.info(\"بررسی متن 'انتقال به مخاطبین'...\")\n                check_text_match(\n                    transfer_page.get_promo_title_text(),\n                    trx_texts[\"promo_title\"],\n                    \"متن عنوان تبلیغ\"\n                )\n    \n            with allure.step(\"Verify 'Promo Description' Text\"):\n                logger.info(\"بررسی متن توضیحات تبلیغ...\")\n                check_text_match(\n                    transfer_page.get_promo_description_text(),\n                    trx_texts[\"promo_description\"],\n                    \"متن توضیحات تبلیغ\"\n                )\n    \n            with allure.step(\"Verify 'Destinations Header' Text\"):\n                logger.info(\"بررسی متن 'مقصدها'...\")\n                check_text_match(\n                    transfer_page.get_destinations_header_text(),\n                    trx_texts[\"destinations_header\"],\n                    \"متن هدر مقصدها\"\n                )\n    \n            with allure.step(\"Verify 'Empty State Title' Text\"):\n                logger.info(\"بررسی متن 'مقصد انتقالی ندارید'...\")\n                check_text_match(\n                    transfer_page.get_empty_state_title_text(),\n                    trx_texts[\"empty_state_title\"],\n                    \"متن عنوان حالت خالی\"\n                )\n    \n            with allure.step(\"Verify 'Empty State Description' Text\"):\n                logger.info(\"بررسی متن 'اولین انتقال خود را انجام دهید'...\")\n                check_text_match(\n                    transfer_page.get_empty_state_description_text(),\n                    trx_texts[\"empty_state_description\"],\n                    \"متن توضیحات حالت خالی\"\n                )\n    \n            with allure.step(\"Click 'Activate Button'\"):\n                logger.info(\"کلیک روی دکمه 'فعال کردن'...\")\n                transfer_page.click_activate_button()\n                logger.info(\"دکمه 'فعال کردن' کلیک شد.\")\n    \n            with allure.step(\"Click 'Cancel Button'\"):\n                logger.info(\"کلیک روی دکمه 'الان نه'...\")\n                transfer_page.click_cancel_button()\n                logger.info(\"دکمه 'الان نه' کلیک شد.\")\n    \n            with allure.step(\"Click 'New Transfer Button'\"):\n                logger.info(\"کلیک روی دکمه 'انتقال جدید'...\")\n                transfer_page.click_new_transfer_button()\n                logger.info(\"دکمه 'انتقال جدید' کلیک شد.\")\n    \n    \n        except Exception as e:\n            logger.error(f\"خطا در بررسی صفحه انتقال: {e}\")\n            screenshot_path = capture_screenshot(driver, \"transfer_page_error\")\n            allure.attach.file(screenshot_path, name=\"transfer Error\", attachment_type=allure.attachment_type.PNG)\n>           raise e\n\ntests\\transfer\\test_transfer_page.py:118: \n_ _ _ _ _ _ _ _ _ _ _ _ _ _ _ _ _ _ _ _ _ _ _ _ _ _ _ _ _ _ _ _ _ _ _ _ _ _ _ _\ntests\\transfer\\test_transfer_page.py:53: in test_transfer_page\n    transfer_page.get_transfer_page_title_text(),\npages\\transfer\\transfer_page.py:16: in get_transfer_page_title_text\n    return self.get_element_text(locator)\npages\\base_page.py:31: in get_element_text\n    element = self.find_element(locator, timeout)\npages\\base_page.py:21: in find_element\n    return WebDriverWait(self.driver, timeout).until(EC.presence_of_element_located(locator))\n_ _ _ _ _ _ _ _ _ _ _ _ _ _ _ _ _ _ _ _ _ _ _ _ _ _ _ _ _ _ _ _ _ _ _ _ _ _ _ _\n\nself = <selenium.webdriver.support.wait.WebDriverWait (session=\"0feee9d3-5379-4e0c-a897-348b68305c8a\")>\nmethod = <function presence_of_element_located.<locals>._predicate at 0x0000022E1F7BE5E0>\nmessage = ''\n\n    def until(self, method: Callable[[D], Union[Literal[False], T]], message: str = \"\") -> T:\n        \"\"\"Calls the method provided with the driver as an argument until the \\\n        return value does not evaluate to ``False``.\n    \n        :param method: callable(WebDriver)\n        :param message: optional message for :exc:`TimeoutException`\n        :returns: the result of the last call to `method`\n        :raises: :exc:`selenium.common.exceptions.TimeoutException` if timeout occurs\n        \"\"\"\n        screen = None\n        stacktrace = None\n    \n        end_time = time.monotonic() + self._timeout\n        while True:\n            try:\n                value = method(self._driver)\n                if value:\n                    return value\n            except self._ignored_exceptions as exc:\n                screen = getattr(exc, \"screen\", None)\n                stacktrace = getattr(exc, \"stacktrace\", None)\n            time.sleep(self._poll)\n            if time.monotonic() > end_time:\n                break\n>       raise TimeoutException(message, screen, stacktrace)\nE       selenium.common.exceptions.TimeoutException: Message: \nE       Stacktrace:\nE       NoSuchElementError: An element could not be located on the page using the given search parameters.\nE           at AndroidUiautomator2Driver.findElOrEls (C:\\Users\\a.jamshidi\\.appium\\node_modules\\appium-uiautomator2-driver\\node_modules\\appium-android-driver\\lib\\commands\\find.ts:86:11)\nE           at processTicksAndRejections (node:internal/process/task_queues:95:5)\nE           at AndroidUiautomator2Driver.findElOrElsWithProcessing (C:\\Users\\a.jamshidi\\AppData\\Roaming\\npm\\node_modules\\appium\\node_modules\\@appium\\base-driver\\lib\\basedriver\\commands\\find.ts:60:12)\nE           at AndroidUiautomator2Driver.findElement (C:\\Users\\a.jamshidi\\AppData\\Roaming\\npm\\node_modules\\appium\\node_modules\\@appium\\base-driver\\lib\\basedriver\\commands\\find.ts:75:12)\n\n..\\..\\android_automation\\android_automation\\.venv\\lib\\site-packages\\selenium\\webdriver\\support\\wait.py:105: TimeoutException"}, "steps": [{"name": "Navigate to Transfer Tab", "status": "passed", "start": 1740399850508, "stop": 1740399850599}, {"name": "Close the onboarding page", "status": "passed", "start": 1740399850599, "stop": 1740399853307}, {"name": "Verify 'Transfer Title' Text", "status": "broken", "statusDetails": {"message": "selenium.common.exceptions.TimeoutException: Message: \nStacktrace:\nNoSuchElementError: An element could not be located on the page using the given search parameters.\n    at AndroidUiautomator2Driver.findElOrEls (C:\\Users\\a.jamshidi\\.appium\\node_modules\\appium-uiautomator2-driver\\node_modules\\appium-android-driver\\lib\\commands\\find.ts:86:11)\n    at processTicksAndRejections (node:internal/process/task_queues:95:5)\n    at AndroidUiautomator2Driver.findElOrElsWithProcessing (C:\\Users\\a.jamshidi\\AppData\\Roaming\\npm\\node_modules\\appium\\node_modules\\@appium\\base-driver\\lib\\basedriver\\commands\\find.ts:60:12)\n    at AndroidUiautomator2Driver.findElement (C:\\Users\\a.jamshidi\\AppData\\Roaming\\npm\\node_modules\\appium\\node_modules\\@appium\\base-driver\\lib\\basedriver\\commands\\find.ts:75:12)\n", "trace": "  File \"C:\\Users\\a.jamshidi\\Videos\\android-automation\\tests\\transfer\\test_transfer_page.py\", line 53, in test_transfer_page\n    transfer_page.get_transfer_page_title_text(),\n  File \"C:\\Users\\a.jamshidi\\Videos\\android-automation\\pages\\transfer\\transfer_page.py\", line 16, in get_transfer_page_title_text\n    return self.get_element_text(locator)\n  File \"C:\\Users\\a.jamshidi\\Videos\\android-automation\\pages\\base_page.py\", line 31, in get_element_text\n    element = self.find_element(locator, timeout)\n  File \"C:\\Users\\a.jamshidi\\Videos\\android-automation\\pages\\base_page.py\", line 21, in find_element\n    return WebDriverWait(self.driver, timeout).until(EC.presence_of_element_located(locator))\n  File \"C:\\Users\\a.jamshidi\\android_automation\\android_automation\\.venv\\lib\\site-packages\\selenium\\webdriver\\support\\wait.py\", line 105, in until\n    raise TimeoutException(message, screen, stacktrace)\n"}, "start": 1740399853307, "stop": 1740399863196}], "attachments": [{"name": "transfer Error", "source": "68abc4f8-b7d6-46ee-b879-d74cdced133a-attachment.png", "type": "image/png"}, {"name": "log", "source": "f6c6e858-a3f7-44b8-8bfb-8e2ac86465e1-attachment.txt", "type": "text/plain"}, {"name": "stderr", "source": "b8d5bdbd-8958-43e8-9e38-21621be0ad82-attachment.txt", "type": "text/plain"}], "parameters": [{"name": "login_and_dashboard", "value": "'andauto1'"}], "start": 1740399850507, "stop": 1740399864762, "uuid": "e9930949-1bda-468a-a57c-d62b45b6eeb1", "historyId": "918e209bd82096830e05e7ed46101e07", "testCaseId": "7336ce3a8718df1cb6a3183424b97ab3", "fullName": "tests.transfer.test_transfer_page#test_transfer_page", "labels": [{"name": "epic", "value": "Transfer"}, {"name": "suite", "value": "Version:v3.5.0"}, {"name": "story", "value": "Verify all text elements and functionality on Transfer page"}, {"name": "feature", "value": "Transfer Page Verification"}, {"name": "subSuite", "value": "Text and Functionality Verification for Transfer Page"}, {"name": "severity", "value": "critical"}, {"name": "parentSuite", "value": "tests.transfer"}, {"name": "host", "value": "ajamshidi-lap-qa"}, {"name": "thread", "value": "10984-MainThread"}, {"name": "framework", "value": "pytest"}, {"name": "language", "value": "cpython3"}, {"name": "package", "value": "tests.transfer.test_transfer_page"}]}