{"name": "test_birth_certificate_old_upload", "status": "broken", "statusDetails": {"message": "selenium.common.exceptions.TimeoutException: Message: \nStacktrace:\nNoSuchElementError: An element could not be located on the page using the given search parameters.\n    at AndroidUiautomator2Driver.findElOrEls (C:\\Users\\a.jamshidi\\.appium\\node_modules\\appium-uiautomator2-driver\\node_modules\\appium-android-driver\\lib\\commands\\find.ts:86:11)\n    at processTicksAndRejections (node:internal/process/task_queues:95:5)\n    at AndroidUiautomator2Driver.findElOrElsWithProcessing (C:\\Users\\a.jamshidi\\AppData\\Roaming\\npm\\node_modules\\appium\\node_modules\\@appium\\base-driver\\lib\\basedriver\\commands\\find.ts:60:12)\n    at AndroidUiautomator2Driver.findElement (C:\\Users\\a.jamshidi\\AppData\\Roaming\\npm\\node_modules\\appium\\node_modules\\@appium\\base-driver\\lib\\basedriver\\commands\\find.ts:75:12)", "trace": "open_app_without_login = <appium.webdriver.webdriver.WebDriver (session=\"db6b34c2-3231-4639-931a-9ea24d3c3f01\")>\n\n    @allure.epic(\"KYC\")\n    @allure.feature(\"Create a new user account - Old Birth Certificate Upload\")\n    @allure.story(\"Complete account creation by uploading old birth certificate\")\n    # Suites\n    @allure.suite(f\"version:{VERSION}\")\n    @allure.sub_suite(\"Tests for Old Birth Certificate Upload\")\n    @allure.severity(allure.severity_level.BLOCKER)\n    # Links\n    @allure.link(\"https://jira.sdb247.com/browse/\", name=\"Jira Task\")\n    def test_birth_certificate_old_upload(open_app_without_login):\n        driver = open_app_without_login\n        # تولید داده‌های کاربر\n        phone_number = mobile_number_generator()\n        tracing_code = national_code_generator()\n        username = username_generator()\n        # بارگذاری فایل JSON برای دریافت متون مرجع\n        text_reference = load_text_reference()\n>       setup_user_account_creation_steps(driver, phone_number, tracing_code, username, text_reference)\n\ntests\\kyc\\test_birth_certificate_old_upload.py:48: \n_ _ _ _ _ _ _ _ _ _ _ _ _ _ _ _ _ _ _ _ _ _ _ _ _ _ _ _ _ _ _ _ _ _ _ _ _ _ _ _\nutils\\common_flows.py:658: in setup_user_account_creation_steps\n    raise e\nutils\\common_flows.py:407: in setup_user_account_creation_steps\n    actual_text = referral_page.get_referral_field_text()\npages\\kyc\\kyc_pages.py:361: in get_referral_field_text\n    referral_field = WebDriverWait(self.driver, 10).until(\n_ _ _ _ _ _ _ _ _ _ _ _ _ _ _ _ _ _ _ _ _ _ _ _ _ _ _ _ _ _ _ _ _ _ _ _ _ _ _ _\n\nself = <selenium.webdriver.support.wait.WebDriverWait (session=\"db6b34c2-3231-4639-931a-9ea24d3c3f01\")>\nmethod = <function presence_of_element_located.<locals>._predicate at 0x000001A51467D820>\nmessage = ''\n\n    def until(self, method: Callable[[D], Union[Literal[False], T]], message: str = \"\") -> T:\n        \"\"\"Calls the method provided with the driver as an argument until the \\\n        return value does not evaluate to ``False``.\n    \n        :param method: callable(WebDriver)\n        :param message: optional message for :exc:`TimeoutException`\n        :returns: the result of the last call to `method`\n        :raises: :exc:`selenium.common.exceptions.TimeoutException` if timeout occurs\n        \"\"\"\n        screen = None\n        stacktrace = None\n    \n        end_time = time.monotonic() + self._timeout\n        while True:\n            try:\n                value = method(self._driver)\n                if value:\n                    return value\n            except self._ignored_exceptions as exc:\n                screen = getattr(exc, \"screen\", None)\n                stacktrace = getattr(exc, \"stacktrace\", None)\n            time.sleep(self._poll)\n            if time.monotonic() > end_time:\n                break\n>       raise TimeoutException(message, screen, stacktrace)\nE       selenium.common.exceptions.TimeoutException: Message: \nE       Stacktrace:\nE       NoSuchElementError: An element could not be located on the page using the given search parameters.\nE           at AndroidUiautomator2Driver.findElOrEls (C:\\Users\\a.jamshidi\\.appium\\node_modules\\appium-uiautomator2-driver\\node_modules\\appium-android-driver\\lib\\commands\\find.ts:86:11)\nE           at processTicksAndRejections (node:internal/process/task_queues:95:5)\nE           at AndroidUiautomator2Driver.findElOrElsWithProcessing (C:\\Users\\a.jamshidi\\AppData\\Roaming\\npm\\node_modules\\appium\\node_modules\\@appium\\base-driver\\lib\\basedriver\\commands\\find.ts:60:12)\nE           at AndroidUiautomator2Driver.findElement (C:\\Users\\a.jamshidi\\AppData\\Roaming\\npm\\node_modules\\appium\\node_modules\\@appium\\base-driver\\lib\\basedriver\\commands\\find.ts:75:12)\n\n..\\..\\android_automation\\android_automation\\.venv\\lib\\site-packages\\selenium\\webdriver\\support\\wait.py:105: TimeoutException"}, "steps": [{"name": "User Information Setup", "status": "passed", "start": 1740562903456, "stop": 1740562903456}, {"name": "Click on 'Create Account' button", "status": "passed", "start": 1740562904299, "stop": 1740562914406}, {"name": "Click on 'Open Account' button", "status": "passed", "start": 1740562917936, "stop": 1740562919340}, {"name": "Click on 'UAT' from server selection", "status": "passed", "start": 1740562919340, "stop": 1740562919506}, {"name": "Click on 'Start' button", "status": "passed", "start": 1740562919506, "stop": 1740562921639}, {"name": "Check 'accept_rule_page_title' text", "status": "passed", "start": 1740562921639, "stop": 1740562921743}, {"name": "Check 'accept_rule_page_subtitle' text", "status": "passed", "start": 1740562921743, "stop": 1740562921861}, {"name": "Check 'create_account_step_title' text", "status": "passed", "start": 1740562921861, "stop": 1740562921966}, {"name": "Check 'create_account_step_subtitle' text", "status": "passed", "start": 1740562921966, "stop": 1740562922066}, {"name": "Check 'Identification_step_title' text", "status": "passed", "start": 1740562922066, "stop": 1740562922160}, {"name": "Check 'Check_information_step_title' text", "status": "passed", "start": 1740562922160, "stop": 1740562922305}, {"name": "Check 'card_order_step_title' text", "status": "passed", "start": 1740562922305, "stop": 1740562922445}, {"name": "Check 'rules_and_regulations_title' text", "status": "passed", "start": 1740562922445, "stop": 1740562922597}, {"name": "Check 'confirm_button_title' text", "status": "passed", "start": 1740562922597, "stop": 1740562922751}, {"name": "Check and toggle the agreement switch", "status": "passed", "start": 1740562922751, "stop": 1740562923903}, {"name": "Click confirm button after toggle", "status": "passed", "start": 1740562923903, "stop": 1740562925235}, {"name": "Check 'phone_number_page_header' text", "status": "passed", "start": 1740562925235, "stop": 1740562925324}, {"name": "Check 'phone_number_page_title' text", "status": "passed", "start": 1740562925324, "stop": 1740562925408}, {"name": "Check 'phone_number_field_text' text", "status": "passed", "start": 1740562925408, "stop": 1740562925494}, {"name": "Check 'phone_number_page_subtitle' text", "status": "passed", "start": 1740562925494, "stop": 1740562925587}, {"name": "Enter phone number", "status": "passed", "start": 1740562925587, "stop": 1740562926342}, {"name": "Click next button", "status": "passed", "start": 1740562926342, "stop": 1740562928459}, {"name": "Check 'مانند:‌ MDMGKP' text", "status": "broken", "statusDetails": {"message": "selenium.common.exceptions.TimeoutException: Message: \nStacktrace:\nNoSuchElementError: An element could not be located on the page using the given search parameters.\n    at AndroidUiautomator2Driver.findElOrEls (C:\\Users\\a.jamshidi\\.appium\\node_modules\\appium-uiautomator2-driver\\node_modules\\appium-android-driver\\lib\\commands\\find.ts:86:11)\n    at processTicksAndRejections (node:internal/process/task_queues:95:5)\n    at AndroidUiautomator2Driver.findElOrElsWithProcessing (C:\\Users\\a.jamshidi\\AppData\\Roaming\\npm\\node_modules\\appium\\node_modules\\@appium\\base-driver\\lib\\basedriver\\commands\\find.ts:60:12)\n    at AndroidUiautomator2Driver.findElement (C:\\Users\\a.jamshidi\\AppData\\Roaming\\npm\\node_modules\\appium\\node_modules\\@appium\\base-driver\\lib\\basedriver\\commands\\find.ts:75:12)\n", "trace": "  File \"C:\\Users\\a.jamshidi\\Videos\\android-automation\\utils\\common_flows.py\", line 407, in setup_user_account_creation_steps\n    actual_text = referral_page.get_referral_field_text()\n  File \"C:\\Users\\a.jamshidi\\Videos\\android-automation\\pages\\kyc\\kyc_pages.py\", line 361, in get_referral_field_text\n    referral_field = WebDriverWait(self.driver, 10).until(\n  File \"C:\\Users\\a.jamshidi\\android_automation\\android_automation\\.venv\\lib\\site-packages\\selenium\\webdriver\\support\\wait.py\", line 105, in until\n    raise TimeoutException(message, screen, stacktrace)\n"}, "start": 1740562928459, "stop": 1740562938772}], "attachments": [{"name": "Error Screenshot", "source": "5fe71df4-ca48-4495-940b-3d884580cc6a-attachment.png", "type": "image/png"}, {"name": "log", "source": "fd571d18-7d0b-443b-9df4-3cdb601cb7d1-attachment.txt", "type": "text/plain"}, {"name": "stderr", "source": "8314d42a-7e02-4774-9cc2-26feb3cac71a-attachment.txt", "type": "text/plain"}], "parameters": [{"name": "Phone Number", "value": "'09192751241'"}, {"name": "National Code", "value": "'6715562733'"}, {"name": "Username", "value": "'boxtest1'"}], "start": 1740562903454, "stop": 1740562940722, "uuid": "d34b2663-06f2-4573-8994-03da1b8d0881", "historyId": "2476deef6598259eac82f6fc5bd95f9d", "testCaseId": "8dd0fc9c43daa497976fa20cd9650433", "fullName": "tests.kyc.test_birth_certificate_old_upload#test_birth_certificate_old_upload", "labels": [{"name": "epic", "value": "KYC"}, {"name": "severity", "value": "blocker"}, {"name": "story", "value": "Complete account creation by uploading old birth certificate"}, {"name": "feature", "value": "Create a new user account - Old Birth Certificate Upload"}, {"name": "subSuite", "value": "Tests for Old Birth Certificate Upload"}, {"name": "suite", "value": "version:v3.5.0"}, {"name": "parentSuite", "value": "tests.kyc"}, {"name": "host", "value": "ajamshidi-lap-qa"}, {"name": "thread", "value": "99836-MainThread"}, {"name": "framework", "value": "pytest"}, {"name": "language", "value": "cpython3"}, {"name": "package", "value": "tests.kyc.test_birth_certificate_old_upload"}], "links": [{"type": "link", "url": "https://jira.sdb247.com/browse/", "name": "Jira Task"}]}