{"name": "test_birth_certificate_old_upload", "status": "broken", "statusDetails": {"message": "selenium.common.exceptions.TimeoutException: Message: \nStacktrace:\nNoSuchElementError: An element could not be located on the page using the given search parameters.\n    at AndroidUiautomator2Driver.findElOrEls (C:\\Users\\a.jamshidi\\.appium\\node_modules\\appium-uiautomator2-driver\\node_modules\\appium-android-driver\\lib\\commands\\find.ts:86:11)\n    at processTicksAndRejections (node:internal/process/task_queues:95:5)\n    at AndroidUiautomator2Driver.findElOrElsWithProcessing (C:\\Users\\a.jamshidi\\AppData\\Roaming\\npm\\node_modules\\appium\\node_modules\\@appium\\base-driver\\lib\\basedriver\\commands\\find.ts:60:12)\n    at AndroidUiautomator2Driver.findElement (C:\\Users\\a.jamshidi\\AppData\\Roaming\\npm\\node_modules\\appium\\node_modules\\@appium\\base-driver\\lib\\basedriver\\commands\\find.ts:75:12)", "trace": "open_app_without_login = <appium.webdriver.webdriver.WebDriver (session=\"b22ffb65-7f35-4c85-974d-1e64eeaa8f98\")>\n\n    @allure.epic(\"KYC\")\n    @allure.feature(\"Create a new user account - Old Birth Certificate Upload\")\n    @allure.story(\"Complete account creation by uploading old birth certificate\")\n    # Suites\n    @allure.suite(f\"version:{VERSION}\")\n    @allure.sub_suite(\"Tests for Old Birth Certificate Upload\")\n    @allure.severity(allure.severity_level.BLOCKER)\n    # Links\n    @allure.link(\"https://jira.sdb247.com/browse/\", name=\"Jira Task\")\n    def test_birth_certificate_old_upload(open_app_without_login):\n        driver = open_app_without_login\n        # تولید داده‌های کاربر\n        phone_number = mobile_number_generator()\n        tracing_code = national_code_generator()\n        username = username_generator()\n        # بارگذاری فایل JSON برای دریافت متون مرجع\n        text_reference = load_text_reference()\n>       setup_user_account_creation_steps(driver, phone_number, tracing_code, username, text_reference)\n\ntests\\kyc\\test_birth_certificate_old_upload.py:48: \n_ _ _ _ _ _ _ _ _ _ _ _ _ _ _ _ _ _ _ _ _ _ _ _ _ _ _ _ _ _ _ _ _ _ _ _ _ _ _ _\nutils\\common_flows.py:658: in setup_user_account_creation_steps\n    raise e\nutils\\common_flows.py:562: in setup_user_account_creation_steps\n    actual_text = password_page.get_password_page_field_text()\npages\\kyc\\kyc_pages.py:494: in get_password_page_field_text\n    password_page_field_text = WebDriverWait(self.driver, 10).until(\n_ _ _ _ _ _ _ _ _ _ _ _ _ _ _ _ _ _ _ _ _ _ _ _ _ _ _ _ _ _ _ _ _ _ _ _ _ _ _ _\n\nself = <selenium.webdriver.support.wait.WebDriverWait (session=\"b22ffb65-7f35-4c85-974d-1e64eeaa8f98\")>\nmethod = <function presence_of_element_located.<locals>._predicate at 0x000001A51476C700>\nmessage = ''\n\n    def until(self, method: Callable[[D], Union[Literal[False], T]], message: str = \"\") -> T:\n        \"\"\"Calls the method provided with the driver as an argument until the \\\n        return value does not evaluate to ``False``.\n    \n        :param method: callable(WebDriver)\n        :param message: optional message for :exc:`TimeoutException`\n        :returns: the result of the last call to `method`\n        :raises: :exc:`selenium.common.exceptions.TimeoutException` if timeout occurs\n        \"\"\"\n        screen = None\n        stacktrace = None\n    \n        end_time = time.monotonic() + self._timeout\n        while True:\n            try:\n                value = method(self._driver)\n                if value:\n                    return value\n            except self._ignored_exceptions as exc:\n                screen = getattr(exc, \"screen\", None)\n                stacktrace = getattr(exc, \"stacktrace\", None)\n            time.sleep(self._poll)\n            if time.monotonic() > end_time:\n                break\n>       raise TimeoutException(message, screen, stacktrace)\nE       selenium.common.exceptions.TimeoutException: Message: \nE       Stacktrace:\nE       NoSuchElementError: An element could not be located on the page using the given search parameters.\nE           at AndroidUiautomator2Driver.findElOrEls (C:\\Users\\a.jamshidi\\.appium\\node_modules\\appium-uiautomator2-driver\\node_modules\\appium-android-driver\\lib\\commands\\find.ts:86:11)\nE           at processTicksAndRejections (node:internal/process/task_queues:95:5)\nE           at AndroidUiautomator2Driver.findElOrElsWithProcessing (C:\\Users\\a.jamshidi\\AppData\\Roaming\\npm\\node_modules\\appium\\node_modules\\@appium\\base-driver\\lib\\basedriver\\commands\\find.ts:60:12)\nE           at AndroidUiautomator2Driver.findElement (C:\\Users\\a.jamshidi\\AppData\\Roaming\\npm\\node_modules\\appium\\node_modules\\@appium\\base-driver\\lib\\basedriver\\commands\\find.ts:75:12)\n\n..\\..\\android_automation\\android_automation\\.venv\\lib\\site-packages\\selenium\\webdriver\\support\\wait.py:105: TimeoutException"}, "steps": [{"name": "User Information Setup", "status": "passed", "start": 1740563925589, "stop": 1740563925590}, {"name": "Click on 'Create Account' button", "status": "passed", "start": 1740563928975, "stop": 1740563929943}, {"name": "Click on 'Open Account' button", "status": "passed", "start": 1740563930012, "stop": 1740563931837}, {"name": "Click on 'UAT' from server selection", "status": "passed", "start": 1740563931837, "stop": 1740563932025}, {"name": "Click on 'Start' button", "status": "passed", "start": 1740563932026, "stop": 1740563934433}, {"name": "Check 'accept_rule_page_title' text", "status": "passed", "start": 1740563934433, "stop": 1740563934554}, {"name": "Check 'accept_rule_page_subtitle' text", "status": "passed", "start": 1740563934554, "stop": 1740563934653}, {"name": "Check 'create_account_step_title' text", "status": "passed", "start": 1740563934654, "stop": 1740563934776}, {"name": "Check 'create_account_step_subtitle' text", "status": "passed", "start": 1740563934776, "stop": 1740563934895}, {"name": "Check 'Identification_step_title' text", "status": "passed", "start": 1740563934895, "stop": 1740563935022}, {"name": "Check 'Check_information_step_title' text", "status": "passed", "start": 1740563935022, "stop": 1740563935166}, {"name": "Check 'card_order_step_title' text", "status": "passed", "start": 1740563935166, "stop": 1740563935305}, {"name": "Check 'rules_and_regulations_title' text", "status": "passed", "start": 1740563935305, "stop": 1740563935448}, {"name": "Check 'confirm_button_title' text", "status": "passed", "start": 1740563935448, "stop": 1740563935611}, {"name": "Check and toggle the agreement switch", "status": "passed", "start": 1740563935611, "stop": 1740563936825}, {"name": "Click confirm button after toggle", "status": "passed", "start": 1740563936825, "stop": 1740563938790}, {"name": "Check 'phone_number_page_header' text", "status": "passed", "start": 1740563938790, "stop": 1740563938906}, {"name": "Check 'phone_number_page_title' text", "status": "passed", "start": 1740563938906, "stop": 1740563939012}, {"name": "Check 'phone_number_field_text' text", "status": "passed", "start": 1740563939012, "stop": 1740563939113}, {"name": "Check 'phone_number_page_subtitle' text", "status": "passed", "start": 1740563939113, "stop": 1740563939225}, {"name": "Enter phone number", "status": "passed", "start": 1740563939225, "stop": 1740563940023}, {"name": "Click next button", "status": "passed", "start": 1740563940024, "stop": 1740563943107}, {"name": "Check 'مانند:‌ MDMGKP' text", "status": "passed", "start": 1740563943107, "stop": 1740563943180}, {"name": "Check 'referral_page_title' text", "status": "passed", "start": 1740563943180, "stop": 1740563943247}, {"name": "Click next button", "status": "passed", "start": 1740563943247, "stop": 1740563944850}, {"name": "Check 'national_code_title' text", "status": "passed", "start": 1740563944850, "stop": 1740563944938}, {"name": "Check 'کد ملی ۱۰ رقمی' text", "status": "passed", "start": 1740563944938, "stop": 1740563945023}, {"name": "Enter national code", "status": "passed", "start": 1740563945023, "stop": 1740563945812}, {"name": "Click next button", "status": "passed", "start": 1740563945812, "stop": 1740563948026}, {"name": "Check 'birth_day_page_title' text", "status": "passed", "start": 1740563948026, "stop": 1740563948129}, {"name": "Check 'birth_day_empty_field_text' text", "status": "passed", "start": 1740563948129, "stop": 1740563948209}, {"name": "Scroll year field", "status": "passed", "start": 1740563948209, "stop": 1740563948820}, {"name": "Click next button", "status": "passed", "start": 1740563948820, "stop": 1740563951186}, {"name": "Check 'username_page_title' text", "status": "passed", "start": 1740563951186, "stop": 1740563951252}, {"name": "Check 'username_field_text' text", "status": "passed", "start": 1740563951252, "stop": 1740563951334}, {"name": "Enter new username", "status": "passed", "start": 1740563951334, "stop": 1740563952709}, {"name": "Click next button", "status": "passed", "start": 1740563952709, "stop": 1740563953442}, {"name": "Check 'password_page_title' text", "status": "passed", "attachments": [{"name": "Mismatch in text", "source": "8ce6fb0c-1cb9-4a5a-95fe-9f1b4cd1bc4b-attachment.txt", "type": "text/plain"}], "start": 1740563953444, "stop": 1740563953527}, {"name": "Check 'password_page_field_text' text", "status": "broken", "statusDetails": {"message": "selenium.common.exceptions.TimeoutException: Message: \nStacktrace:\nNoSuchElementError: An element could not be located on the page using the given search parameters.\n    at AndroidUiautomator2Driver.findElOrEls (C:\\Users\\a.jamshidi\\.appium\\node_modules\\appium-uiautomator2-driver\\node_modules\\appium-android-driver\\lib\\commands\\find.ts:86:11)\n    at processTicksAndRejections (node:internal/process/task_queues:95:5)\n    at AndroidUiautomator2Driver.findElOrElsWithProcessing (C:\\Users\\a.jamshidi\\AppData\\Roaming\\npm\\node_modules\\appium\\node_modules\\@appium\\base-driver\\lib\\basedriver\\commands\\find.ts:60:12)\n    at AndroidUiautomator2Driver.findElement (C:\\Users\\a.jamshidi\\AppData\\Roaming\\npm\\node_modules\\appium\\node_modules\\@appium\\base-driver\\lib\\basedriver\\commands\\find.ts:75:12)\n", "trace": "  File \"C:\\Users\\a.jamshidi\\Videos\\android-automation\\utils\\common_flows.py\", line 562, in setup_user_account_creation_steps\n    actual_text = password_page.get_password_page_field_text()\n  File \"C:\\Users\\a.jamshidi\\Videos\\android-automation\\pages\\kyc\\kyc_pages.py\", line 494, in get_password_page_field_text\n    password_page_field_text = WebDriverWait(self.driver, 10).until(\n  File \"C:\\Users\\a.jamshidi\\android_automation\\android_automation\\.venv\\lib\\site-packages\\selenium\\webdriver\\support\\wait.py\", line 105, in until\n    raise TimeoutException(message, screen, stacktrace)\n"}, "start": 1740563953527, "stop": 1740563963609}], "attachments": [{"name": "Error Screenshot", "source": "9244a7b3-fad8-48ad-aca8-98c1a2579856-attachment.png", "type": "image/png"}, {"name": "log", "source": "2bb18405-69c6-42f4-aed2-42beca24610b-attachment.txt", "type": "text/plain"}, {"name": "stderr", "source": "f9036fda-54c9-4dc6-8525-d1b67c256b2e-attachment.txt", "type": "text/plain"}], "parameters": [{"name": "Phone Number", "value": "'09185589589'"}, {"name": "National Code", "value": "'0055453120'"}, {"name": "Username", "value": "'boxtest14'"}], "start": 1740563925588, "stop": 1740563964108, "uuid": "bc92b6bf-2052-47df-b994-ba69f3dff8ef", "historyId": "a5b09fd5c54e4029264cd6f896b50d7c", "testCaseId": "8dd0fc9c43daa497976fa20cd9650433", "fullName": "tests.kyc.test_birth_certificate_old_upload#test_birth_certificate_old_upload", "labels": [{"name": "epic", "value": "KYC"}, {"name": "severity", "value": "blocker"}, {"name": "story", "value": "Complete account creation by uploading old birth certificate"}, {"name": "feature", "value": "Create a new user account - Old Birth Certificate Upload"}, {"name": "subSuite", "value": "Tests for Old Birth Certificate Upload"}, {"name": "suite", "value": "version:v3.5.0"}, {"name": "parentSuite", "value": "tests.kyc"}, {"name": "host", "value": "ajamshidi-lap-qa"}, {"name": "thread", "value": "99836-MainThread"}, {"name": "framework", "value": "pytest"}, {"name": "language", "value": "cpython3"}, {"name": "package", "value": "tests.kyc.test_birth_certificate_old_upload"}], "links": [{"type": "link", "url": "https://jira.sdb247.com/browse/", "name": "Jira Task"}]}