{"name": "test_qr_page[suspeeeend106]", "status": "broken", "statusDetails": {"message": "selenium.common.exceptions.TimeoutException: Message: \nStacktrace:\nNoSuchElementError: An element could not be located on the page using the given search parameters.\n    at AndroidUiautomator2Driver.findElOrEls (C:\\Users\\a.jamshidi\\.appium\\node_modules\\appium-uiautomator2-driver\\node_modules\\appium-android-driver\\lib\\commands\\find.ts:86:11)\n    at processTicksAndRejections (node:internal/process/task_queues:95:5)\n    at AndroidUiautomator2Driver.findElOrElsWithProcessing (C:\\Users\\a.jamshidi\\AppData\\Roaming\\npm\\node_modules\\appium\\node_modules\\@appium\\base-driver\\lib\\basedriver\\commands\\find.ts:60:12)\n    at AndroidUiautomator2Driver.findElement (C:\\Users\\a.jamshidi\\AppData\\Roaming\\npm\\node_modules\\appium\\node_modules\\@appium\\base-driver\\lib\\basedriver\\commands\\find.ts:75:12)", "trace": "login_and_dashboard = (<appium.webdriver.webdriver.WebDriver (session=\"4e142801-c3ff-491e-a276-3c75c7e8ad87\")>, <pages.dashboard.dashboard_page.DashboardPage object at 0x00000242309FD1F0>)\n\n    @allure.epic(\"Hub\")\n    @allure.feature(\"QR Page\")\n    @allure.story(\"Verify all displayed texts on QR Page\")\n    # Suites\n    @allure.suite(f\"Version:{VERSION}\")\n    @allure.sub_suite(\"Text Verification for QR Page\")\n    @allure.severity(allure.severity_level.CRITICAL)\n    @pytest.mark.parametrize(\"login_and_dashboard\", [\"suspeeeend106\"], indirect=True)\n    def test_qr_page(login_and_dashboard):\n        driver, dashboard_page = login_and_dashboard\n        text_reference = load_text_reference()\n        qr_texts = text_reference[\"qr_page\"]\n        qr_page = QrPage(driver)\n        hub_page = HubPage(driver)\n        try:\n            with allure.step(\"Navigate to Hub Page\"):\n                logger.info(\"ورود به صفحه هاب...\")\n                dashboard_page.hub_tab_button()\n                logger.info(\"وارد صفحه هاب شد.\")\n    \n            with allure.step(\"Scroll to open QR page\"):\n                logger.info(\"اسکرول برای باز کردن صفحه اسکن...\")\n                hub_page.scroll()\n                logger.info(\"وارد صفحه اسکن شد.\")\n    \n            with allure.step(\"Click on Allow button for camera permission\"):\n                logger.info(\"کلیک روی تایید دسترسی این بخش به دوربین...\")\n                permissions_dialog = PermissionsDialog(driver)\n                permissions_dialog.allow_camera_permission()\n                logger.info(\"روی تایید دسترسی دوربین کلیک شد.\")\n    \n            with allure.step(\"Verify title Text\"):\n                check_text_match(\n                    qr_page.get_page_title(),\n                    qr_texts[\"page_title\"],\n                    \"متن صفحه qr\"\n                )\n    \n            with allure.step(\"Verify My QR Text\"):\n                check_text_match(\n                    qr_page.open_my_qr_title(),\n                    qr_texts[\"my_qr\"],\n                    \"متن دکمه کد qr من\"\n                )\n    \n            with allure.step(\"Click on Flash on\"):\n                logger.info(\"روشن کردن فلش...\")\n                qr_page.toggle_flash()\n                logger.info(\"فلش روشن شد.\")\n    \n            with allure.step(\"Click on Flash off\"):\n                logger.info(\"خاموش کردن فلش...\")\n                qr_page.toggle_flash()\n                logger.info(\"فلش خاموش شد.\")\n    \n            with allure.step(\"Click on My QR Code Button\"):\n                logger.info(\"کلیک روی دکمه کد من...\")\n                qr_page.open_my_qr()\n                logger.info(\"صفحه کد QR من باز شد.\")\n    \n            with allure.step(\"Verify My QR Text Title Page\"):\n                my_qr_page = MyQrPage(driver)\n                check_text_match(\n                    my_qr_page.get_title_my_qr_page(),\n                    qr_texts[\"my_qr_title\"],\n                    \"متن توضیح صفحه کد qr من\"\n                )\n    \n            with allure.step(\"Verify Add Price Text\"):\n                check_text_match(\n                    my_qr_page.get_add_price_title(),\n                    qr_texts[\"add_price\"],\n                    \"متن افزودن میلغ\"\n                )\n    \n            with allure.step(\"Verify Share Text\"):\n                check_text_match(\n                    my_qr_page.get_share_title(),\n                    qr_texts[\"share\"],\n                    \"متن ارسال/ذخیره\"\n                )\n    \n            with allure.step(\"Click on Add Price Button\"):\n                logger.info(\"کلیک روی دکمه افزودن مبلغ...\")\n                my_qr_page.click_amount()\n                logger.info(\"صفحه افزودن مبلغ باز شد.\")\n    \n            with allure.step(\"Verify Price Page Title\"):\n                add_price_page = AddPricePage(driver)\n                check_text_match(\n                    add_price_page.get_page_title(),\n                    qr_texts[\"add_price_page_title\"],\n                    \"متن مبلغ کد QR\"\n                )\n    \n            with allure.step(\"Verify Price Field Title\"):\n                check_text_match(\n                    add_price_page.get_add_price_title(),\n                    qr_texts[\"title_filed_amount\"],\n                    \"متن توضیح فیلد مبلغ\"\n                )\n    \n            with allure.step(\"Verify Price Field Text\"):\n                check_text_match(\n                    add_price_page.get_add_price_title(),\n                    qr_texts[\"field_text\"],\n                    \"متن فیلد مبلغ\"\n                )\n    \n            with allure.step(\"Input Amount In Field\"):\n                logger.info(\"وارد کردن مبلغ در فیلد مبلغ...\")\n                add_price_page.input_amount(\"100000\")\n                logger.info(\"مبلغ '100000' در فیلد وارد شد.\")\n    \n            with allure.step(\"Click on Save\"):\n                logger.info(\"کلیک روی دکمه ذخیره...\")\n                add_price_page.click_save_button_title()\n                logger.info(\"روی دکمه ذخیره کلیک شد.\")\n    \n        except Exception as e:\n            logger.error(f\"خطا در بررسی متن‌های  صفحه اسکن: {e}\")\n            screenshot_path = capture_screenshot(driver, \"QR_page_verification_error\")\n            allure.attach.file(screenshot_path, name=\"QR Page Error\", attachment_type=allure.attachment_type.PNG)\n>           raise e\n\ntests\\hub\\test_qr_page.py:148: \n_ _ _ _ _ _ _ _ _ _ _ _ _ _ _ _ _ _ _ _ _ _ _ _ _ _ _ _ _ _ _ _ _ _ _ _ _ _ _ _\ntests\\hub\\test_qr_page.py:42: in test_qr_page\n    dashboard_page.hub_tab_button()\npages\\dashboard\\dashboard_page.py:64: in hub_tab_button\n    self.click_element((AppiumBy.ID, 'com.samanpr.blu.dev:id/nav_payment'))\npages\\base_page.py:27: in click_element\n    element = self.find_element(locator, timeout)\npages\\base_page.py:21: in find_element\n    return WebDriverWait(self.driver, timeout).until(EC.presence_of_element_located(locator))\n_ _ _ _ _ _ _ _ _ _ _ _ _ _ _ _ _ _ _ _ _ _ _ _ _ _ _ _ _ _ _ _ _ _ _ _ _ _ _ _\n\nself = <selenium.webdriver.support.wait.WebDriverWait (session=\"4e142801-c3ff-491e-a276-3c75c7e8ad87\")>\nmethod = <function presence_of_element_located.<locals>._predicate at 0x0000024230A1C280>\nmessage = ''\n\n    def until(self, method: Callable[[D], Union[Literal[False], T]], message: str = \"\") -> T:\n        \"\"\"Calls the method provided with the driver as an argument until the \\\n        return value does not evaluate to ``False``.\n    \n        :param method: callable(WebDriver)\n        :param message: optional message for :exc:`TimeoutException`\n        :returns: the result of the last call to `method`\n        :raises: :exc:`selenium.common.exceptions.TimeoutException` if timeout occurs\n        \"\"\"\n        screen = None\n        stacktrace = None\n    \n        end_time = time.monotonic() + self._timeout\n        while True:\n            try:\n                value = method(self._driver)\n                if value:\n                    return value\n            except self._ignored_exceptions as exc:\n                screen = getattr(exc, \"screen\", None)\n                stacktrace = getattr(exc, \"stacktrace\", None)\n            time.sleep(self._poll)\n            if time.monotonic() > end_time:\n                break\n>       raise TimeoutException(message, screen, stacktrace)\nE       selenium.common.exceptions.TimeoutException: Message: \nE       Stacktrace:\nE       NoSuchElementError: An element could not be located on the page using the given search parameters.\nE           at AndroidUiautomator2Driver.findElOrEls (C:\\Users\\a.jamshidi\\.appium\\node_modules\\appium-uiautomator2-driver\\node_modules\\appium-android-driver\\lib\\commands\\find.ts:86:11)\nE           at processTicksAndRejections (node:internal/process/task_queues:95:5)\nE           at AndroidUiautomator2Driver.findElOrElsWithProcessing (C:\\Users\\a.jamshidi\\AppData\\Roaming\\npm\\node_modules\\appium\\node_modules\\@appium\\base-driver\\lib\\basedriver\\commands\\find.ts:60:12)\nE           at AndroidUiautomator2Driver.findElement (C:\\Users\\a.jamshidi\\AppData\\Roaming\\npm\\node_modules\\appium\\node_modules\\@appium\\base-driver\\lib\\basedriver\\commands\\find.ts:75:12)\n\n..\\..\\android_automation\\android_automation\\.venv\\lib\\site-packages\\selenium\\webdriver\\support\\wait.py:105: TimeoutException"}, "steps": [{"name": "Navigate to Hub Page", "status": "broken", "statusDetails": {"message": "selenium.common.exceptions.TimeoutException: Message: \nStacktrace:\nNoSuchElementError: An element could not be located on the page using the given search parameters.\n    at AndroidUiautomator2Driver.findElOrEls (C:\\Users\\a.jamshidi\\.appium\\node_modules\\appium-uiautomator2-driver\\node_modules\\appium-android-driver\\lib\\commands\\find.ts:86:11)\n    at processTicksAndRejections (node:internal/process/task_queues:95:5)\n    at AndroidUiautomator2Driver.findElOrElsWithProcessing (C:\\Users\\a.jamshidi\\AppData\\Roaming\\npm\\node_modules\\appium\\node_modules\\@appium\\base-driver\\lib\\basedriver\\commands\\find.ts:60:12)\n    at AndroidUiautomator2Driver.findElement (C:\\Users\\a.jamshidi\\AppData\\Roaming\\npm\\node_modules\\appium\\node_modules\\@appium\\base-driver\\lib\\basedriver\\commands\\find.ts:75:12)\n", "trace": "  File \"C:\\Users\\a.jamshidi\\Videos\\android-automation\\tests\\hub\\test_qr_page.py\", line 42, in test_qr_page\n    dashboard_page.hub_tab_button()\n  File \"C:\\Users\\a.jamshidi\\Videos\\android-automation\\pages\\dashboard\\dashboard_page.py\", line 64, in hub_tab_button\n    self.click_element((AppiumBy.ID, 'com.samanpr.blu.dev:id/nav_payment'))\n  File \"C:\\Users\\a.jamshidi\\Videos\\android-automation\\pages\\base_page.py\", line 27, in click_element\n    element = self.find_element(locator, timeout)\n  File \"C:\\Users\\a.jamshidi\\Videos\\android-automation\\pages\\base_page.py\", line 21, in find_element\n    return WebDriverWait(self.driver, timeout).until(EC.presence_of_element_located(locator))\n  File \"C:\\Users\\a.jamshidi\\android_automation\\android_automation\\.venv\\lib\\site-packages\\selenium\\webdriver\\support\\wait.py\", line 105, in until\n    raise TimeoutException(message, screen, stacktrace)\n"}, "start": 1740223192794, "stop": 1740223198102}], "attachments": [{"name": "QR Page Error", "source": "6447e705-9afe-4b32-8d63-8c97797028eb-attachment.png", "type": "image/png"}, {"name": "log", "source": "f41ea4cc-dcb9-4808-ba68-fcf7fbfbef74-attachment.txt", "type": "text/plain"}, {"name": "stderr", "source": "12b5ee1d-2a91-458c-868f-04cd76b779e9-attachment.txt", "type": "text/plain"}], "parameters": [{"name": "login_and_dashboard", "value": "'suspeeeend106'"}], "start": 1740223192794, "stop": 1740223198520, "uuid": "71118429-8102-462f-9152-ae430a00b5f9", "historyId": "583f9580c85d15c06ad11afa115af4e4", "testCaseId": "35ee7a6af2c6a47404ee8451ecd62d03", "fullName": "tests.hub.test_qr_page#test_qr_page", "labels": [{"name": "suite", "value": "Version:v3.5.0"}, {"name": "epic", "value": "Hub"}, {"name": "subSuite", "value": "Text Verification for QR Page"}, {"name": "severity", "value": "critical"}, {"name": "story", "value": "Verify all displayed texts on QR Page"}, {"name": "feature", "value": "QR Page"}, {"name": "parentSuite", "value": "tests.hub"}, {"name": "host", "value": "ajamshidi-lap-qa"}, {"name": "thread", "value": "275596-MainThread"}, {"name": "framework", "value": "pytest"}, {"name": "language", "value": "cpython3"}, {"name": "package", "value": "tests.hub.test_qr_page"}]}