{"name": "test_birth_certificate_old_upload", "status": "broken", "statusDetails": {"message": "selenium.common.exceptions.TimeoutException: Message: \nStacktrace:\nNoSuchElementError: An element could not be located on the page using the given search parameters.\n    at AndroidUiautomator2Driver.findElOrEls (C:\\Users\\a.jamshidi\\.appium\\node_modules\\appium-uiautomator2-driver\\node_modules\\appium-android-driver\\lib\\commands\\find.ts:86:11)\n    at processTicksAndRejections (node:internal/process/task_queues:95:5)\n    at AndroidUiautomator2Driver.findElOrElsWithProcessing (C:\\Users\\a.jamshidi\\AppData\\Roaming\\npm\\node_modules\\appium\\node_modules\\@appium\\base-driver\\lib\\basedriver\\commands\\find.ts:60:12)\n    at AndroidUiautomator2Driver.findElement (C:\\Users\\a.jamshidi\\AppData\\Roaming\\npm\\node_modules\\appium\\node_modules\\@appium\\base-driver\\lib\\basedriver\\commands\\find.ts:75:12)", "trace": "open_app_without_login = <appium.webdriver.webdriver.WebDriver (session=\"f4941fd2-0376-4834-8151-92904a46f534\")>\n\n    @allure.epic(\"KYC\")\n    @allure.feature(\"Create a new user account - Old Birth Certificate Upload\")\n    @allure.story(\"Complete account creation by uploading old birth certificate\")\n    # Suites\n    @allure.suite(f\"version:{VERSION}\")\n    @allure.sub_suite(\"Tests for Old Birth Certificate Upload\")\n    @allure.severity(allure.severity_level.BLOCKER)\n    # Links\n    @allure.link(\"https://jira.sdb247.com/browse/\", name=\"Jira Task\")\n    def test_birth_certificate_old_upload(open_app_without_login):\n        driver = open_app_without_login\n        # تولید داده‌های کاربر\n        phone_number = mobile_number_generator()\n        tracing_code = national_code_generator()\n        username = username_generator()\n        # بارگذاری فایل JSON برای دریافت متون مرجع\n        text_reference = load_text_reference()\n>       setup_user_account_creation_steps(driver, phone_number, tracing_code, username, text_reference)\n\ntests\\kyc\\test_birth_certificate_old_upload.py:48: \n_ _ _ _ _ _ _ _ _ _ _ _ _ _ _ _ _ _ _ _ _ _ _ _ _ _ _ _ _ _ _ _ _ _ _ _ _ _ _ _\nutils\\common_flows.py:658: in setup_user_account_creation_steps\n    raise e\nutils\\common_flows.py:475: in setup_user_account_creation_steps\n    actual_text = birth_day_page.get_birth_day_page_title()\npages\\kyc\\kyc_pages.py:412: in get_birth_day_page_title\n    birth_day_page_title = WebDriverWait(self.driver, 10).until(\n_ _ _ _ _ _ _ _ _ _ _ _ _ _ _ _ _ _ _ _ _ _ _ _ _ _ _ _ _ _ _ _ _ _ _ _ _ _ _ _\n\nself = <selenium.webdriver.support.wait.WebDriverWait (session=\"f4941fd2-0376-4834-8151-92904a46f534\")>\nmethod = <function presence_of_element_located.<locals>._predicate at 0x000001A51490FA60>\nmessage = ''\n\n    def until(self, method: Callable[[D], Union[Literal[False], T]], message: str = \"\") -> T:\n        \"\"\"Calls the method provided with the driver as an argument until the \\\n        return value does not evaluate to ``False``.\n    \n        :param method: callable(WebDriver)\n        :param message: optional message for :exc:`TimeoutException`\n        :returns: the result of the last call to `method`\n        :raises: :exc:`selenium.common.exceptions.TimeoutException` if timeout occurs\n        \"\"\"\n        screen = None\n        stacktrace = None\n    \n        end_time = time.monotonic() + self._timeout\n        while True:\n            try:\n                value = method(self._driver)\n                if value:\n                    return value\n            except self._ignored_exceptions as exc:\n                screen = getattr(exc, \"screen\", None)\n                stacktrace = getattr(exc, \"stacktrace\", None)\n            time.sleep(self._poll)\n            if time.monotonic() > end_time:\n                break\n>       raise TimeoutException(message, screen, stacktrace)\nE       selenium.common.exceptions.TimeoutException: Message: \nE       Stacktrace:\nE       NoSuchElementError: An element could not be located on the page using the given search parameters.\nE           at AndroidUiautomator2Driver.findElOrEls (C:\\Users\\a.jamshidi\\.appium\\node_modules\\appium-uiautomator2-driver\\node_modules\\appium-android-driver\\lib\\commands\\find.ts:86:11)\nE           at processTicksAndRejections (node:internal/process/task_queues:95:5)\nE           at AndroidUiautomator2Driver.findElOrElsWithProcessing (C:\\Users\\a.jamshidi\\AppData\\Roaming\\npm\\node_modules\\appium\\node_modules\\@appium\\base-driver\\lib\\basedriver\\commands\\find.ts:60:12)\nE           at AndroidUiautomator2Driver.findElement (C:\\Users\\a.jamshidi\\AppData\\Roaming\\npm\\node_modules\\appium\\node_modules\\@appium\\base-driver\\lib\\basedriver\\commands\\find.ts:75:12)\n\n..\\..\\android_automation\\android_automation\\.venv\\lib\\site-packages\\selenium\\webdriver\\support\\wait.py:105: TimeoutException"}, "steps": [{"name": "User Information Setup", "status": "passed", "start": 1740564108210, "stop": 1740564108211}, {"name": "Click on 'Create Account' button", "status": "passed", "start": 1740564109032, "stop": 1740564119334}, {"name": "Click on 'Open Account' button", "status": "passed", "start": 1740564122791, "stop": 1740564124207}, {"name": "Click on 'UAT' from server selection", "status": "passed", "start": 1740564124207, "stop": 1740564124348}, {"name": "Click on 'Start' button", "status": "passed", "start": 1740564124348, "stop": 1740564126702}, {"name": "Check 'accept_rule_page_title' text", "status": "passed", "start": 1740564126702, "stop": 1740564126797}, {"name": "Check 'accept_rule_page_subtitle' text", "status": "passed", "start": 1740564126797, "stop": 1740564126883}, {"name": "Check 'create_account_step_title' text", "status": "passed", "start": 1740564126883, "stop": 1740564126977}, {"name": "Check 'create_account_step_subtitle' text", "status": "passed", "start": 1740564126977, "stop": 1740564127064}, {"name": "Check 'Identification_step_title' text", "status": "passed", "start": 1740564127064, "stop": 1740564127175}, {"name": "Check 'Check_information_step_title' text", "status": "passed", "start": 1740564127175, "stop": 1740564127298}, {"name": "Check 'card_order_step_title' text", "status": "passed", "start": 1740564127298, "stop": 1740564127440}, {"name": "Check 'rules_and_regulations_title' text", "status": "passed", "start": 1740564127440, "stop": 1740564127579}, {"name": "Check 'confirm_button_title' text", "status": "passed", "start": 1740564127580, "stop": 1740564127773}, {"name": "Check and toggle the agreement switch", "status": "passed", "start": 1740564127773, "stop": 1740564128938}, {"name": "Click confirm button after toggle", "status": "passed", "start": 1740564128938, "stop": 1740564130279}, {"name": "Check 'phone_number_page_header' text", "status": "passed", "start": 1740564130279, "stop": 1740564130367}, {"name": "Check 'phone_number_page_title' text", "status": "passed", "start": 1740564130367, "stop": 1740564130456}, {"name": "Check 'phone_number_field_text' text", "status": "passed", "start": 1740564130456, "stop": 1740564130561}, {"name": "Check 'phone_number_page_subtitle' text", "status": "passed", "start": 1740564130561, "stop": 1740564130655}, {"name": "Enter phone number", "status": "passed", "start": 1740564130655, "stop": 1740564131489}, {"name": "Click next button", "status": "passed", "start": 1740564131489, "stop": 1740564134464}, {"name": "Check 'مانند:‌ MDMGKP' text", "status": "passed", "start": 1740564134464, "stop": 1740564134542}, {"name": "Check 'referral_page_title' text", "status": "passed", "start": 1740564134542, "stop": 1740564134618}, {"name": "Click next button", "status": "passed", "start": 1740564134618, "stop": 1740564135987}, {"name": "Check 'national_code_title' text", "status": "passed", "start": 1740564135987, "stop": 1740564136082}, {"name": "Check 'کد ملی ۱۰ رقمی' text", "status": "passed", "start": 1740564136082, "stop": 1740564136153}, {"name": "Enter national code", "status": "passed", "start": 1740564136154, "stop": 1740564136921}, {"name": "Click next button", "status": "passed", "start": 1740564136921, "stop": 1740564138255}, {"name": "Check 'birth_day_page_title' text", "status": "broken", "statusDetails": {"message": "selenium.common.exceptions.TimeoutException: Message: \nStacktrace:\nNoSuchElementError: An element could not be located on the page using the given search parameters.\n    at AndroidUiautomator2Driver.findElOrEls (C:\\Users\\a.jamshidi\\.appium\\node_modules\\appium-uiautomator2-driver\\node_modules\\appium-android-driver\\lib\\commands\\find.ts:86:11)\n    at processTicksAndRejections (node:internal/process/task_queues:95:5)\n    at AndroidUiautomator2Driver.findElOrElsWithProcessing (C:\\Users\\a.jamshidi\\AppData\\Roaming\\npm\\node_modules\\appium\\node_modules\\@appium\\base-driver\\lib\\basedriver\\commands\\find.ts:60:12)\n    at AndroidUiautomator2Driver.findElement (C:\\Users\\a.jamshidi\\AppData\\Roaming\\npm\\node_modules\\appium\\node_modules\\@appium\\base-driver\\lib\\basedriver\\commands\\find.ts:75:12)\n", "trace": "  File \"C:\\Users\\a.jamshidi\\Videos\\android-automation\\utils\\common_flows.py\", line 475, in setup_user_account_creation_steps\n    actual_text = birth_day_page.get_birth_day_page_title()\n  File \"C:\\Users\\a.jamshidi\\Videos\\android-automation\\pages\\kyc\\kyc_pages.py\", line 412, in get_birth_day_page_title\n    birth_day_page_title = WebDriverWait(self.driver, 10).until(\n  File \"C:\\Users\\a.jamshidi\\android_automation\\android_automation\\.venv\\lib\\site-packages\\selenium\\webdriver\\support\\wait.py\", line 105, in until\n    raise TimeoutException(message, screen, stacktrace)\n"}, "start": 1740564138255, "stop": 1740564148377}], "attachments": [{"name": "Error Screenshot", "source": "2f1444bc-9e95-4d95-8dbe-429f309ca24b-attachment.png", "type": "image/png"}, {"name": "log", "source": "151324e8-32f5-454b-b08d-c09e205cc2ec-attachment.txt", "type": "text/plain"}, {"name": "stderr", "source": "309cea05-552f-499a-a989-0c995452d4a0-attachment.txt", "type": "text/plain"}], "parameters": [{"name": "Phone Number", "value": "'09116948073'"}, {"name": "National Code", "value": "'6662950051'"}, {"name": "Username", "value": "'boxtest18'"}], "start": 1740564108208, "stop": 1740564148794, "uuid": "63276580-34ab-4a16-b0bf-fabf57e3c17f", "historyId": "62c71c1499c4c54acfebea1fb90d7b40", "testCaseId": "8dd0fc9c43daa497976fa20cd9650433", "fullName": "tests.kyc.test_birth_certificate_old_upload#test_birth_certificate_old_upload", "labels": [{"name": "epic", "value": "KYC"}, {"name": "severity", "value": "blocker"}, {"name": "story", "value": "Complete account creation by uploading old birth certificate"}, {"name": "feature", "value": "Create a new user account - Old Birth Certificate Upload"}, {"name": "subSuite", "value": "Tests for Old Birth Certificate Upload"}, {"name": "suite", "value": "version:v3.5.0"}, {"name": "parentSuite", "value": "tests.kyc"}, {"name": "host", "value": "ajamshidi-lap-qa"}, {"name": "thread", "value": "99836-MainThread"}, {"name": "framework", "value": "pytest"}, {"name": "language", "value": "cpython3"}, {"name": "package", "value": "tests.kyc.test_birth_certificate_old_upload"}], "links": [{"type": "link", "url": "https://jira.sdb247.com/browse/", "name": "Jira Task"}]}