{"name": "test_transfer_page[andauto1]", "status": "broken", "statusDetails": {"message": "selenium.common.exceptions.TimeoutException: Message: \nStacktrace:\nNoSuchElementError: An element could not be located on the page using the given search parameters.\n    at AndroidUiautomator2Driver.findElOrEls (C:\\Users\\a.jamshidi\\.appium\\node_modules\\appium-uiautomator2-driver\\node_modules\\appium-android-driver\\lib\\commands\\find.ts:86:11)\n    at processTicksAndRejections (node:internal/process/task_queues:95:5)\n    at AndroidUiautomator2Driver.findElOrElsWithProcessing (C:\\Users\\a.jamshidi\\AppData\\Roaming\\npm\\node_modules\\appium\\node_modules\\@appium\\base-driver\\lib\\basedriver\\commands\\find.ts:60:12)\n    at AndroidUiautomator2Driver.findElement (C:\\Users\\a.jamshidi\\AppData\\Roaming\\npm\\node_modules\\appium\\node_modules\\@appium\\base-driver\\lib\\basedriver\\commands\\find.ts:75:12)", "trace": "login_and_dashboard = (<appium.webdriver.webdriver.WebDriver (session=\"2c688abd-ea03-4950-a19e-d28f0e1045e7\")>, <pages.dashboard.dashboard_page.DashboardPage object at 0x000001A2FCF77EE0>)\n\n    @allure.epic(\"Box\")\n    @allure.feature(\"Box Page Verification\")\n    @allure.story(\"Verify all text elements on Box page after closing onboarding\")\n    # Suites\n    @allure.suite(f\"Version:{VERSION}\")\n    @allure.sub_suite(\"Text Verification for Box Page\")\n    @allure.severity(allure.severity_level.CRITICAL)\n    @pytest.mark.parametrize(\"login_and_dashboard\", [\"andauto1\"], indirect=True)\n    def test_transfer_page(login_and_dashboard):\n        driver, dashboard_page = login_and_dashboard\n        text_reference = load_text_reference()\n        trx_texts = text_reference[\"transfer_page\"]\n        transfer_page = TransferPage(driver)\n        try:\n            with allure.step(\"Navigate to Box Tab\"):\n                logger.info(\"ورود به تب انتقال...\")\n                dashboard_page.transfer_tab_button()\n                logger.info(\"وارد تب انتقال شد.\")\n    \n            with allure.step(\"Verify 'dismisa' Text\"):\n                logger.info(\"بررسی متن '۰متوجه شذم'...\")\n                check_text_match(\n                    transfer_page.get_close_onboarding_text(),\n                    trx_texts[\"dismiss\"],\n                    \"متن دکمه متوجه شدم\"\n                )\n            with allure.step(\"Close the onboarding page\"):\n                logger.info(\"بستن صفحه انبوردینگ...\")\n                transfer_page.close_onboarding()\n                logger.info(\"صفحه انبوردینگ بسته شد.\")\n    \n            with allure.step(\"Verify 'Title' Text\"):\n                logger.info(\"بررسی متن 'انتقال'...\")\n                check_text_match(\n                    transfer_page.get_transfer_page_title_text(),\n                    trx_texts[\"transfer_title\"],\n                    \"متن انتقال\"\n                )\n    \n        except Exception as e:\n            logger.error(f\"خطا در بررسی صفحه انتقال: {e}\")\n            screenshot_path = capture_screenshot(driver, \"transfer_page_error\")\n            allure.attach.file(screenshot_path, name=\"transfer Error\", attachment_type=allure.attachment_type.PNG)\n>           raise e\n\ntests\\transfer\\test_transfer_page.py:70: \n_ _ _ _ _ _ _ _ _ _ _ _ _ _ _ _ _ _ _ _ _ _ _ _ _ _ _ _ _ _ _ _ _ _ _ _ _ _ _ _\ntests\\transfer\\test_transfer_page.py:49: in test_transfer_page\n    transfer_page.get_close_onboarding_text(),\npages\\transfer\\transfer_page.py:17: in get_close_onboarding_text\n    self.get_element_text(locator, timeout)\npages\\base_page.py:31: in get_element_text\n    element = self.find_element(locator, timeout)\npages\\base_page.py:21: in find_element\n    return WebDriverWait(self.driver, timeout).until(EC.presence_of_element_located(locator))\n_ _ _ _ _ _ _ _ _ _ _ _ _ _ _ _ _ _ _ _ _ _ _ _ _ _ _ _ _ _ _ _ _ _ _ _ _ _ _ _\n\nself = <selenium.webdriver.support.wait.WebDriverWait (session=\"2c688abd-ea03-4950-a19e-d28f0e1045e7\")>\nmethod = <function presence_of_element_located.<locals>._predicate at 0x000001A2FCF86E50>\nmessage = ''\n\n    def until(self, method: Callable[[D], Union[Literal[False], T]], message: str = \"\") -> T:\n        \"\"\"Calls the method provided with the driver as an argument until the \\\n        return value does not evaluate to ``False``.\n    \n        :param method: callable(WebDriver)\n        :param message: optional message for :exc:`TimeoutException`\n        :returns: the result of the last call to `method`\n        :raises: :exc:`selenium.common.exceptions.TimeoutException` if timeout occurs\n        \"\"\"\n        screen = None\n        stacktrace = None\n    \n        end_time = time.monotonic() + self._timeout\n        while True:\n            try:\n                value = method(self._driver)\n                if value:\n                    return value\n            except self._ignored_exceptions as exc:\n                screen = getattr(exc, \"screen\", None)\n                stacktrace = getattr(exc, \"stacktrace\", None)\n            time.sleep(self._poll)\n            if time.monotonic() > end_time:\n                break\n>       raise TimeoutException(message, screen, stacktrace)\nE       selenium.common.exceptions.TimeoutException: Message: \nE       Stacktrace:\nE       NoSuchElementError: An element could not be located on the page using the given search parameters.\nE           at AndroidUiautomator2Driver.findElOrEls (C:\\Users\\a.jamshidi\\.appium\\node_modules\\appium-uiautomator2-driver\\node_modules\\appium-android-driver\\lib\\commands\\find.ts:86:11)\nE           at processTicksAndRejections (node:internal/process/task_queues:95:5)\nE           at AndroidUiautomator2Driver.findElOrElsWithProcessing (C:\\Users\\a.jamshidi\\AppData\\Roaming\\npm\\node_modules\\appium\\node_modules\\@appium\\base-driver\\lib\\basedriver\\commands\\find.ts:60:12)\nE           at AndroidUiautomator2Driver.findElement (C:\\Users\\a.jamshidi\\AppData\\Roaming\\npm\\node_modules\\appium\\node_modules\\@appium\\base-driver\\lib\\basedriver\\commands\\find.ts:75:12)\n\n..\\..\\android_automation\\android_automation\\.venv\\lib\\site-packages\\selenium\\webdriver\\support\\wait.py:105: TimeoutException"}, "steps": [{"name": "Navigate to Box Tab", "status": "passed", "start": 1740396757498, "stop": 1740396758762}, {"name": "Verify 'dismisa' Text", "status": "broken", "statusDetails": {"message": "selenium.common.exceptions.TimeoutException: Message: \nStacktrace:\nNoSuchElementError: An element could not be located on the page using the given search parameters.\n    at AndroidUiautomator2Driver.findElOrEls (C:\\Users\\a.jamshidi\\.appium\\node_modules\\appium-uiautomator2-driver\\node_modules\\appium-android-driver\\lib\\commands\\find.ts:86:11)\n    at processTicksAndRejections (node:internal/process/task_queues:95:5)\n    at AndroidUiautomator2Driver.findElOrElsWithProcessing (C:\\Users\\a.jamshidi\\AppData\\Roaming\\npm\\node_modules\\appium\\node_modules\\@appium\\base-driver\\lib\\basedriver\\commands\\find.ts:60:12)\n    at AndroidUiautomator2Driver.findElement (C:\\Users\\a.jamshidi\\AppData\\Roaming\\npm\\node_modules\\appium\\node_modules\\@appium\\base-driver\\lib\\basedriver\\commands\\find.ts:75:12)\n", "trace": "  File \"C:\\Users\\a.jamshidi\\Videos\\android-automation\\tests\\transfer\\test_transfer_page.py\", line 49, in test_transfer_page\n    transfer_page.get_close_onboarding_text(),\n  File \"C:\\Users\\a.jamshidi\\Videos\\android-automation\\pages\\transfer\\transfer_page.py\", line 17, in get_close_onboarding_text\n    self.get_element_text(locator, timeout)\n  File \"C:\\Users\\a.jamshidi\\Videos\\android-automation\\pages\\base_page.py\", line 31, in get_element_text\n    element = self.find_element(locator, timeout)\n  File \"C:\\Users\\a.jamshidi\\Videos\\android-automation\\pages\\base_page.py\", line 21, in find_element\n    return WebDriverWait(self.driver, timeout).until(EC.presence_of_element_located(locator))\n  File \"C:\\Users\\a.jamshidi\\android_automation\\android_automation\\.venv\\lib\\site-packages\\selenium\\webdriver\\support\\wait.py\", line 105, in until\n    raise TimeoutException(message, screen, stacktrace)\n"}, "start": 1740396758762, "stop": 1740396770205}], "attachments": [{"name": "transfer Error", "source": "51c67fe8-f891-499a-ab46-414060446a56-attachment.png", "type": "image/png"}, {"name": "log", "source": "acae30f1-d331-488b-bb9e-32887e3dfa6f-attachment.txt", "type": "text/plain"}, {"name": "stderr", "source": "c0eecca9-7658-4e66-a603-e210d20045a5-attachment.txt", "type": "text/plain"}], "parameters": [{"name": "login_and_dashboard", "value": "'andauto1'"}], "start": 1740396757498, "stop": 1740396771836, "uuid": "dd0f2d56-dfaa-4c21-b50c-7385dd2fd6b0", "historyId": "918e209bd82096830e05e7ed46101e07", "testCaseId": "7336ce3a8718df1cb6a3183424b97ab3", "fullName": "tests.transfer.test_transfer_page#test_transfer_page", "labels": [{"name": "epic", "value": "Box"}, {"name": "severity", "value": "critical"}, {"name": "subSuite", "value": "Text Verification for Box Page"}, {"name": "story", "value": "Verify all text elements on Box page after closing onboarding"}, {"name": "feature", "value": "Box Page Verification"}, {"name": "suite", "value": "Version:v3.5.0"}, {"name": "parentSuite", "value": "tests.transfer"}, {"name": "host", "value": "ajamshidi-lap-qa"}, {"name": "thread", "value": "49968-MainThread"}, {"name": "framework", "value": "pytest"}, {"name": "language", "value": "cpython3"}, {"name": "package", "value": "tests.transfer.test_transfer_page"}]}