{"name": "test_birth_certificate_old_upload", "status": "broken", "statusDetails": {"message": "selenium.common.exceptions.TimeoutException: Message: \nStacktrace:\nNoSuchElementError: An element could not be located on the page using the given search parameters.\n    at AndroidUiautomator2Driver.findElOrEls (C:\\Users\\a.jamshidi\\.appium\\node_modules\\appium-uiautomator2-driver\\node_modules\\appium-android-driver\\lib\\commands\\find.ts:86:11)\n    at processTicksAndRejections (node:internal/process/task_queues:95:5)\n    at AndroidUiautomator2Driver.findElOrElsWithProcessing (C:\\Users\\a.jamshidi\\AppData\\Roaming\\npm\\node_modules\\appium\\node_modules\\@appium\\base-driver\\lib\\basedriver\\commands\\find.ts:60:12)\n    at AndroidUiautomator2Driver.findElement (C:\\Users\\a.jamshidi\\AppData\\Roaming\\npm\\node_modules\\appium\\node_modules\\@appium\\base-driver\\lib\\basedriver\\commands\\find.ts:75:12)", "trace": "open_app_without_login = <appium.webdriver.webdriver.WebDriver (session=\"25406660-7f87-4046-a3f3-709176e67530\")>\n\n    @allure.epic(\"KYC\")\n    @allure.feature(\"Create a new user account - Old Birth Certificate Upload\")\n    @allure.story(\"Complete account creation by uploading old birth certificate\")\n    # Suites\n    @allure.suite(f\"version:{VERSION}\")\n    @allure.sub_suite(\"Tests for Old Birth Certificate Upload\")\n    @allure.severity(allure.severity_level.BLOCKER)\n    # Links\n    @allure.link(\"https://jira.sdb247.com/browse/\", name=\"Jira Task\")\n    def test_birth_certificate_old_upload(open_app_without_login):\n        driver = open_app_without_login\n        # تولید داده‌های کاربر\n        phone_number = mobile_number_generator()\n        tracing_code = national_code_generator()\n        username = username_generator()\n        # بارگذاری فایل JSON برای دریافت متون مرجع\n        text_reference = load_text_reference()\n>       setup_user_account_creation_steps(driver, phone_number, tracing_code, username, text_reference)\n\ntests\\kyc\\test_birth_certificate_old_upload.py:48: \n_ _ _ _ _ _ _ _ _ _ _ _ _ _ _ _ _ _ _ _ _ _ _ _ _ _ _ _ _ _ _ _ _ _ _ _ _ _ _ _\nutils\\common_flows.py:658: in setup_user_account_creation_steps\n    raise e\nutils\\common_flows.py:475: in setup_user_account_creation_steps\n    actual_text = birth_day_page.get_birth_day_page_title()\npages\\kyc\\kyc_pages.py:412: in get_birth_day_page_title\n    birth_day_page_title = WebDriverWait(self.driver, 10).until(\n_ _ _ _ _ _ _ _ _ _ _ _ _ _ _ _ _ _ _ _ _ _ _ _ _ _ _ _ _ _ _ _ _ _ _ _ _ _ _ _\n\nself = <selenium.webdriver.support.wait.WebDriverWait (session=\"25406660-7f87-4046-a3f3-709176e67530\")>\nmethod = <function presence_of_element_located.<locals>._predicate at 0x000002C4B8A8AF70>\nmessage = ''\n\n    def until(self, method: Callable[[D], Union[Literal[False], T]], message: str = \"\") -> T:\n        \"\"\"Calls the method provided with the driver as an argument until the \\\n        return value does not evaluate to ``False``.\n    \n        :param method: callable(WebDriver)\n        :param message: optional message for :exc:`TimeoutException`\n        :returns: the result of the last call to `method`\n        :raises: :exc:`selenium.common.exceptions.TimeoutException` if timeout occurs\n        \"\"\"\n        screen = None\n        stacktrace = None\n    \n        end_time = time.monotonic() + self._timeout\n        while True:\n            try:\n                value = method(self._driver)\n                if value:\n                    return value\n            except self._ignored_exceptions as exc:\n                screen = getattr(exc, \"screen\", None)\n                stacktrace = getattr(exc, \"stacktrace\", None)\n            time.sleep(self._poll)\n            if time.monotonic() > end_time:\n                break\n>       raise TimeoutException(message, screen, stacktrace)\nE       selenium.common.exceptions.TimeoutException: Message: \nE       Stacktrace:\nE       NoSuchElementError: An element could not be located on the page using the given search parameters.\nE           at AndroidUiautomator2Driver.findElOrEls (C:\\Users\\a.jamshidi\\.appium\\node_modules\\appium-uiautomator2-driver\\node_modules\\appium-android-driver\\lib\\commands\\find.ts:86:11)\nE           at processTicksAndRejections (node:internal/process/task_queues:95:5)\nE           at AndroidUiautomator2Driver.findElOrElsWithProcessing (C:\\Users\\a.jamshidi\\AppData\\Roaming\\npm\\node_modules\\appium\\node_modules\\@appium\\base-driver\\lib\\basedriver\\commands\\find.ts:60:12)\nE           at AndroidUiautomator2Driver.findElement (C:\\Users\\a.jamshidi\\AppData\\Roaming\\npm\\node_modules\\appium\\node_modules\\@appium\\base-driver\\lib\\basedriver\\commands\\find.ts:75:12)\n\n..\\..\\android_automation\\android_automation\\.venv\\lib\\site-packages\\selenium\\webdriver\\support\\wait.py:105: TimeoutException"}, "steps": [{"name": "User Information Setup", "status": "passed", "start": 1740476057832, "stop": 1740476057832}, {"name": "Click on 'Create Account' button", "status": "passed", "start": 1740476061112, "stop": 1740476061881}, {"name": "Click on 'Open Account' button", "status": "passed", "start": 1740476061940, "stop": 1740476063652}, {"name": "Click on 'UAT' from server selection", "status": "passed", "start": 1740476063652, "stop": 1740476063765}, {"name": "Click on 'Start' button", "status": "passed", "start": 1740476063765, "stop": 1740476065762}, {"name": "Check 'accept_rule_page_title' text", "status": "passed", "start": 1740476065762, "stop": 1740476065822}, {"name": "Check 'accept_rule_page_subtitle' text", "status": "passed", "start": 1740476065822, "stop": 1740476065855}, {"name": "Check 'create_account_step_title' text", "status": "passed", "start": 1740476065855, "stop": 1740476065888}, {"name": "Check 'create_account_step_subtitle' text", "status": "passed", "start": 1740476065888, "stop": 1740476065931}, {"name": "Check 'Identification_step_title' text", "status": "passed", "start": 1740476065931, "stop": 1740476065973}, {"name": "Check 'Check_information_step_title' text", "status": "passed", "start": 1740476065973, "stop": 1740476066032}, {"name": "Check 'card_order_step_title' text", "status": "passed", "start": 1740476066032, "stop": 1740476066104}, {"name": "Check 'rules_and_regulations_title' text", "status": "passed", "start": 1740476066104, "stop": 1740476066172}, {"name": "Check 'confirm_button_title' text", "status": "passed", "start": 1740476066172, "stop": 1740476066239}, {"name": "Check and toggle the agreement switch", "status": "passed", "start": 1740476066239, "stop": 1740476067054}, {"name": "Click confirm button after toggle", "status": "passed", "start": 1740476067054, "stop": 1740476068263}, {"name": "Check 'phone_number_page_header' text", "status": "passed", "start": 1740476068263, "stop": 1740476068309}, {"name": "Check 'phone_number_page_title' text", "status": "passed", "start": 1740476068309, "stop": 1740476068338}, {"name": "Check 'phone_number_field_text' text", "status": "passed", "start": 1740476068338, "stop": 1740476068373}, {"name": "Check 'phone_number_page_subtitle' text", "status": "passed", "start": 1740476068373, "stop": 1740476068404}, {"name": "Enter phone number", "status": "passed", "start": 1740476068405, "stop": 1740476069113}, {"name": "Click next button", "status": "passed", "start": 1740476069113, "stop": 1740476072039}, {"name": "Check 'مانند:‌ MDMGKP' text", "status": "passed", "start": 1740476072039, "stop": 1740476072120}, {"name": "Check 'referral_page_title' text", "status": "passed", "start": 1740476072120, "stop": 1740476072188}, {"name": "Click next button", "status": "passed", "start": 1740476072188, "stop": 1740476073491}, {"name": "Check 'national_code_title' text", "status": "passed", "start": 1740476073491, "stop": 1740476073594}, {"name": "Check 'کد ملی ۱۰ رقمی' text", "status": "passed", "start": 1740476073594, "stop": 1740476073675}, {"name": "Enter national code", "status": "passed", "start": 1740476073675, "stop": 1740476074401}, {"name": "Click next button", "status": "passed", "start": 1740476074401, "stop": 1740476076354}, {"name": "Check 'birth_day_page_title' text", "status": "broken", "statusDetails": {"message": "selenium.common.exceptions.TimeoutException: Message: \nStacktrace:\nNoSuchElementError: An element could not be located on the page using the given search parameters.\n    at AndroidUiautomator2Driver.findElOrEls (C:\\Users\\a.jamshidi\\.appium\\node_modules\\appium-uiautomator2-driver\\node_modules\\appium-android-driver\\lib\\commands\\find.ts:86:11)\n    at processTicksAndRejections (node:internal/process/task_queues:95:5)\n    at AndroidUiautomator2Driver.findElOrElsWithProcessing (C:\\Users\\a.jamshidi\\AppData\\Roaming\\npm\\node_modules\\appium\\node_modules\\@appium\\base-driver\\lib\\basedriver\\commands\\find.ts:60:12)\n    at AndroidUiautomator2Driver.findElement (C:\\Users\\a.jamshidi\\AppData\\Roaming\\npm\\node_modules\\appium\\node_modules\\@appium\\base-driver\\lib\\basedriver\\commands\\find.ts:75:12)\n", "trace": "  File \"C:\\Users\\a.jamshidi\\Videos\\android-automation\\utils\\common_flows.py\", line 475, in setup_user_account_creation_steps\n    actual_text = birth_day_page.get_birth_day_page_title()\n  File \"C:\\Users\\a.jamshidi\\Videos\\android-automation\\pages\\kyc\\kyc_pages.py\", line 412, in get_birth_day_page_title\n    birth_day_page_title = WebDriverWait(self.driver, 10).until(\n  File \"C:\\Users\\a.jamshidi\\android_automation\\android_automation\\.venv\\lib\\site-packages\\selenium\\webdriver\\support\\wait.py\", line 105, in until\n    raise TimeoutException(message, screen, stacktrace)\n"}, "start": 1740476076354, "stop": 1740476086611}], "attachments": [{"name": "Error Screenshot", "source": "8d122df2-163e-4596-9e79-2effde30e596-attachment.png", "type": "image/png"}, {"name": "log", "source": "aeb99dfa-800e-4a35-9c93-f4e9d042448d-attachment.txt", "type": "text/plain"}, {"name": "stderr", "source": "f97a0102-6b04-4290-b8ab-2b168e254972-attachment.txt", "type": "text/plain"}], "parameters": [{"name": "Phone Number", "value": "'09108316894'"}, {"name": "National Code", "value": "'4441020996'"}, {"name": "Username", "value": "'force_card2'"}], "start": 1740476057831, "stop": 1740476086975, "uuid": "43bce5bd-c15d-4733-a39d-dca6920b4fd8", "historyId": "0ab9e303eb92647f76658e4331283d8a", "testCaseId": "8dd0fc9c43daa497976fa20cd9650433", "fullName": "tests.kyc.test_birth_certificate_old_upload#test_birth_certificate_old_upload", "labels": [{"name": "suite", "value": "version:v3.5.0"}, {"name": "feature", "value": "Create a new user account - Old Birth Certificate Upload"}, {"name": "epic", "value": "KYC"}, {"name": "subSuite", "value": "Tests for Old Birth Certificate Upload"}, {"name": "severity", "value": "blocker"}, {"name": "story", "value": "Complete account creation by uploading old birth certificate"}, {"name": "parentSuite", "value": "tests.kyc"}, {"name": "host", "value": "ajamshidi-lap-qa"}, {"name": "thread", "value": "65624-MainThread"}, {"name": "framework", "value": "pytest"}, {"name": "language", "value": "cpython3"}, {"name": "package", "value": "tests.kyc.test_birth_certificate_old_upload"}], "links": [{"type": "link", "url": "https://jira.sdb247.com/browse/", "name": "Jira Task"}]}