{"name": "test_birth_certificate_old_upload", "status": "broken", "statusDetails": {"message": "selenium.common.exceptions.TimeoutException: Message: \nStacktrace:\nNoSuchElementError: An element could not be located on the page using the given search parameters.\n    at AndroidUiautomator2Driver.findElOrEls (C:\\Users\\a.jamshidi\\.appium\\node_modules\\appium-uiautomator2-driver\\node_modules\\appium-android-driver\\lib\\commands\\find.ts:86:11)\n    at processTicksAndRejections (node:internal/process/task_queues:95:5)\n    at AndroidUiautomator2Driver.findElOrElsWithProcessing (C:\\Users\\a.jamshidi\\AppData\\Roaming\\npm\\node_modules\\appium\\node_modules\\@appium\\base-driver\\lib\\basedriver\\commands\\find.ts:60:12)\n    at AndroidUiautomator2Driver.findElement (C:\\Users\\a.jamshidi\\AppData\\Roaming\\npm\\node_modules\\appium\\node_modules\\@appium\\base-driver\\lib\\basedriver\\commands\\find.ts:75:12)", "trace": "open_app_without_login = <appium.webdriver.webdriver.WebDriver (session=\"dbb9067c-1c30-4deb-92d5-ce51742a6b87\")>\n\n    @allure.epic(\"KYC\")\n    @allure.feature(\"Create a new user account - Old Birth Certificate Upload\")\n    @allure.story(\"Complete account creation by uploading old birth certificate\")\n    # Suites\n    @allure.suite(f\"version:{VERSION}\")\n    @allure.sub_suite(\"Tests for Old Birth Certificate Upload\")\n    @allure.severity(allure.severity_level.BLOCKER)\n    # Links\n    @allure.link(\"https://jira.sdb247.com/browse/\", name=\"Jira Task\")\n    def test_birth_certificate_old_upload(open_app_without_login):\n        driver = open_app_without_login\n        # تولید داده‌های کاربر\n        phone_number = mobile_number_generator()\n        tracing_code = national_code_generator()\n        username = username_generator()\n        # بارگذاری فایل JSON برای دریافت متون مرجع\n        text_reference = load_text_reference()\n>       setup_user_account_creation_steps(driver, phone_number, tracing_code, username, text_reference)\n\ntests\\kyc\\test_birth_certificate_old_upload.py:48: \n_ _ _ _ _ _ _ _ _ _ _ _ _ _ _ _ _ _ _ _ _ _ _ _ _ _ _ _ _ _ _ _ _ _ _ _ _ _ _ _\nutils\\common_flows.py:658: in setup_user_account_creation_steps\n    raise e\nutils\\common_flows.py:475: in setup_user_account_creation_steps\n    actual_text = birth_day_page.get_birth_day_page_title()\npages\\kyc\\kyc_pages.py:412: in get_birth_day_page_title\n    birth_day_page_title = WebDriverWait(self.driver, 10).until(\n_ _ _ _ _ _ _ _ _ _ _ _ _ _ _ _ _ _ _ _ _ _ _ _ _ _ _ _ _ _ _ _ _ _ _ _ _ _ _ _\n\nself = <selenium.webdriver.support.wait.WebDriverWait (session=\"dbb9067c-1c30-4deb-92d5-ce51742a6b87\")>\nmethod = <function presence_of_element_located.<locals>._predicate at 0x000001A51467AE50>\nmessage = ''\n\n    def until(self, method: Callable[[D], Union[Literal[False], T]], message: str = \"\") -> T:\n        \"\"\"Calls the method provided with the driver as an argument until the \\\n        return value does not evaluate to ``False``.\n    \n        :param method: callable(WebDriver)\n        :param message: optional message for :exc:`TimeoutException`\n        :returns: the result of the last call to `method`\n        :raises: :exc:`selenium.common.exceptions.TimeoutException` if timeout occurs\n        \"\"\"\n        screen = None\n        stacktrace = None\n    \n        end_time = time.monotonic() + self._timeout\n        while True:\n            try:\n                value = method(self._driver)\n                if value:\n                    return value\n            except self._ignored_exceptions as exc:\n                screen = getattr(exc, \"screen\", None)\n                stacktrace = getattr(exc, \"stacktrace\", None)\n            time.sleep(self._poll)\n            if time.monotonic() > end_time:\n                break\n>       raise TimeoutException(message, screen, stacktrace)\nE       selenium.common.exceptions.TimeoutException: Message: \nE       Stacktrace:\nE       NoSuchElementError: An element could not be located on the page using the given search parameters.\nE           at AndroidUiautomator2Driver.findElOrEls (C:\\Users\\a.jamshidi\\.appium\\node_modules\\appium-uiautomator2-driver\\node_modules\\appium-android-driver\\lib\\commands\\find.ts:86:11)\nE           at processTicksAndRejections (node:internal/process/task_queues:95:5)\nE           at AndroidUiautomator2Driver.findElOrElsWithProcessing (C:\\Users\\a.jamshidi\\AppData\\Roaming\\npm\\node_modules\\appium\\node_modules\\@appium\\base-driver\\lib\\basedriver\\commands\\find.ts:60:12)\nE           at AndroidUiautomator2Driver.findElement (C:\\Users\\a.jamshidi\\AppData\\Roaming\\npm\\node_modules\\appium\\node_modules\\@appium\\base-driver\\lib\\basedriver\\commands\\find.ts:75:12)\n\n..\\..\\android_automation\\android_automation\\.venv\\lib\\site-packages\\selenium\\webdriver\\support\\wait.py:105: TimeoutException"}, "steps": [{"name": "User Information Setup", "status": "passed", "start": 1740564292004, "stop": 1740564292005}, {"name": "Click on 'Create Account' button", "status": "passed", "start": 1740564292856, "stop": 1740564303313}, {"name": "Click on 'Open Account' button", "status": "passed", "start": 1740564306788, "stop": 1740564308153}, {"name": "Click on 'UAT' from server selection", "status": "passed", "start": 1740564308154, "stop": 1740564308310}, {"name": "Click on 'Start' button", "status": "passed", "start": 1740564308310, "stop": 1740564310526}, {"name": "Check 'accept_rule_page_title' text", "status": "passed", "start": 1740564310526, "stop": 1740564310639}, {"name": "Check 'accept_rule_page_subtitle' text", "status": "passed", "start": 1740564310640, "stop": 1740564310731}, {"name": "Check 'create_account_step_title' text", "status": "passed", "start": 1740564310731, "stop": 1740564310831}, {"name": "Check 'create_account_step_subtitle' text", "status": "passed", "start": 1740564310831, "stop": 1740564310949}, {"name": "Check 'Identification_step_title' text", "status": "passed", "start": 1740564310949, "stop": 1740564311062}, {"name": "Check 'Check_information_step_title' text", "status": "passed", "start": 1740564311062, "stop": 1740564311207}, {"name": "Check 'card_order_step_title' text", "status": "passed", "start": 1740564311207, "stop": 1740564311381}, {"name": "Check 'rules_and_regulations_title' text", "status": "passed", "start": 1740564311382, "stop": 1740564311532}, {"name": "Check 'confirm_button_title' text", "status": "passed", "start": 1740564311532, "stop": 1740564311673}, {"name": "Check and toggle the agreement switch", "status": "passed", "start": 1740564311673, "stop": 1740564312827}, {"name": "Click confirm button after toggle", "status": "passed", "start": 1740564312827, "stop": 1740564314210}, {"name": "Check 'phone_number_page_header' text", "status": "passed", "start": 1740564314210, "stop": 1740564314308}, {"name": "Check 'phone_number_page_title' text", "status": "passed", "start": 1740564314308, "stop": 1740564314389}, {"name": "Check 'phone_number_field_text' text", "status": "passed", "start": 1740564314389, "stop": 1740564314501}, {"name": "Check 'phone_number_page_subtitle' text", "status": "passed", "start": 1740564314501, "stop": 1740564314599}, {"name": "Enter phone number", "status": "passed", "start": 1740564314599, "stop": 1740564314744}, {"name": "Click next button", "status": "passed", "start": 1740564314745, "stop": 1740564317762}, {"name": "Check 'مانند:‌ MDMGKP' text", "status": "passed", "start": 1740564317762, "stop": 1740564317849}, {"name": "Check 'referral_page_title' text", "status": "passed", "start": 1740564317849, "stop": 1740564317941}, {"name": "Click next button", "status": "passed", "start": 1740564317941, "stop": 1740564319339}, {"name": "Check 'national_code_title' text", "status": "passed", "start": 1740564319340, "stop": 1740564319449}, {"name": "Check 'کد ملی ۱۰ رقمی' text", "status": "passed", "start": 1740564319449, "stop": 1740564319524}, {"name": "Enter national code", "status": "passed", "start": 1740564319524, "stop": 1740564320296}, {"name": "Click next button", "status": "passed", "start": 1740564320297, "stop": 1740564321622}, {"name": "Check 'birth_day_page_title' text", "status": "broken", "statusDetails": {"message": "selenium.common.exceptions.TimeoutException: Message: \nStacktrace:\nNoSuchElementError: An element could not be located on the page using the given search parameters.\n    at AndroidUiautomator2Driver.findElOrEls (C:\\Users\\a.jamshidi\\.appium\\node_modules\\appium-uiautomator2-driver\\node_modules\\appium-android-driver\\lib\\commands\\find.ts:86:11)\n    at processTicksAndRejections (node:internal/process/task_queues:95:5)\n    at AndroidUiautomator2Driver.findElOrElsWithProcessing (C:\\Users\\a.jamshidi\\AppData\\Roaming\\npm\\node_modules\\appium\\node_modules\\@appium\\base-driver\\lib\\basedriver\\commands\\find.ts:60:12)\n    at AndroidUiautomator2Driver.findElement (C:\\Users\\a.jamshidi\\AppData\\Roaming\\npm\\node_modules\\appium\\node_modules\\@appium\\base-driver\\lib\\basedriver\\commands\\find.ts:75:12)\n", "trace": "  File \"C:\\Users\\a.jamshidi\\Videos\\android-automation\\utils\\common_flows.py\", line 475, in setup_user_account_creation_steps\n    actual_text = birth_day_page.get_birth_day_page_title()\n  File \"C:\\Users\\a.jamshidi\\Videos\\android-automation\\pages\\kyc\\kyc_pages.py\", line 412, in get_birth_day_page_title\n    birth_day_page_title = WebDriverWait(self.driver, 10).until(\n  File \"C:\\Users\\a.jamshidi\\android_automation\\android_automation\\.venv\\lib\\site-packages\\selenium\\webdriver\\support\\wait.py\", line 105, in until\n    raise TimeoutException(message, screen, stacktrace)\n"}, "start": 1740564321622, "stop": 1740564332485}], "attachments": [{"name": "Error Screenshot", "source": "b4864aae-3f8a-4ee3-aad8-6eb6ba33d9b5-attachment.png", "type": "image/png"}, {"name": "log", "source": "1c60d07c-c231-44c2-9d4f-4bcc3761d13b-attachment.txt", "type": "text/plain"}, {"name": "stderr", "source": "8800d172-975c-46c4-8c93-3c34764b2d95-attachment.txt", "type": "text/plain"}], "parameters": [{"name": "Phone Number", "value": "'09163689406'"}, {"name": "National Code", "value": "'1389761657'"}, {"name": "Username", "value": "'boxtest22'"}], "start": 1740564292001, "stop": 1740564332863, "uuid": "c0f4621b-9771-427f-ae1d-71f84b935722", "historyId": "b7cc5bdaef384c34e39b1103091a078f", "testCaseId": "8dd0fc9c43daa497976fa20cd9650433", "fullName": "tests.kyc.test_birth_certificate_old_upload#test_birth_certificate_old_upload", "labels": [{"name": "epic", "value": "KYC"}, {"name": "severity", "value": "blocker"}, {"name": "story", "value": "Complete account creation by uploading old birth certificate"}, {"name": "feature", "value": "Create a new user account - Old Birth Certificate Upload"}, {"name": "subSuite", "value": "Tests for Old Birth Certificate Upload"}, {"name": "suite", "value": "version:v3.5.0"}, {"name": "parentSuite", "value": "tests.kyc"}, {"name": "host", "value": "ajamshidi-lap-qa"}, {"name": "thread", "value": "99836-MainThread"}, {"name": "framework", "value": "pytest"}, {"name": "language", "value": "cpython3"}, {"name": "package", "value": "tests.kyc.test_birth_certificate_old_upload"}], "links": [{"type": "link", "url": "https://jira.sdb247.com/browse/", "name": "Jira Task"}]}