{"name": "test_transfer_page[andauto1]", "status": "broken", "statusDetails": {"message": "selenium.common.exceptions.TimeoutException: Message: \nStacktrace:\nNoSuchElementError: An element could not be located on the page using the given search parameters.\n    at AndroidUiautomator2Driver.findElOrEls (C:\\Users\\a.jamshidi\\.appium\\node_modules\\appium-uiautomator2-driver\\node_modules\\appium-android-driver\\lib\\commands\\find.ts:86:11)\n    at processTicksAndRejections (node:internal/process/task_queues:95:5)\n    at AndroidUiautomator2Driver.findElOrElsWithProcessing (C:\\Users\\a.jamshidi\\AppData\\Roaming\\npm\\node_modules\\appium\\node_modules\\@appium\\base-driver\\lib\\basedriver\\commands\\find.ts:60:12)\n    at AndroidUiautomator2Driver.findElement (C:\\Users\\a.jamshidi\\AppData\\Roaming\\npm\\node_modules\\appium\\node_modules\\@appium\\base-driver\\lib\\basedriver\\commands\\find.ts:75:12)", "trace": "login_and_dashboard = (<appium.webdriver.webdriver.WebDriver (session=\"6b2438a8-c5e1-48b6-926b-16a323948ad4\")>, <pages.dashboard.dashboard_page.DashboardPage object at 0x0000023CAC2CD730>)\n\n    @allure.epic(\"Transfer\")\n    @allure.feature(\"Transfer Page Verification\")\n    @allure.story(\"Verify all text elements and functionality on Transfer page\")\n    # Suites\n    @allure.suite(f\"Version:{VERSION}\")\n    @allure.sub_suite(\"Text and Functionality Verification for Transfer Page\")\n    @allure.severity(allure.severity_level.CRITICAL)\n    @pytest.mark.parametrize(\"login_and_dashboard\", [\"andauto1\"], indirect=True)\n    def test_transfer_page(login_and_dashboard):\n        driver, dashboard_page = login_and_dashboard\n        text_reference = load_text_reference()\n        trx_texts = text_reference[\"transfer_page\"]\n        transfer_page = TransferPage(driver)\n        try:\n            with allure.step(\"Navigate to Transfer Tab\"):\n                logger.info(\"ورود به تب انتقال...\")\n                dashboard_page.transfer_tab_button()\n                logger.info(\"وارد تب انتقال شد.\")\n    \n            with allure.step(\"Close the onboarding page\"):\n                logger.info(\"بستن صفحه انبوردینگ...\")\n                transfer_page.close_onboarding()\n                logger.info(\"صفحه انبوردینگ بسته شد.\")\n    \n            with allure.step(\"Verify 'Transfer Title' Text\"):\n                logger.info(\"بررسی متن 'انتقال'...\")\n                check_text_match(\n                    transfer_page.get_transfer_page_title_text(),\n                    trx_texts[\"transfer_title\"],\n                    \"متن عنوان صفحه انتقال\"\n                )\n    \n            with allure.step(\"Verify 'Promo Title' Text\"):\n                logger.info(\"بررسی متن 'انتقال به مخاطبین'...\")\n                check_text_match(\n                    transfer_page.get_promo_title_text(),\n                    trx_texts[\"promo_title\"],\n                    \"متن عنوان تبلیغ\"\n                )\n    \n            with allure.step(\"Verify 'Promo Description' Text\"):\n                logger.info(\"بررسی متن توضیحات تبلیغ...\")\n                check_text_match(\n                    transfer_page.get_promo_description_text(),\n                    trx_texts[\"promo_description\"],\n                    \"متن توضیحات تبلیغ\"\n                )\n    \n            with allure.step(\"Verify 'Destinations Header' Text\"):\n                logger.info(\"بررسی متن 'مقصدها'...\")\n                check_text_match(\n                    transfer_page.get_destinations_header_text(),\n                    trx_texts[\"destinations_header\"],\n                    \"متن هدر مقصدها\"\n                )\n    \n            with allure.step(\"Verify 'Empty State Title' Text\"):\n                logger.info(\"بررسی متن 'مقصد انتقالی ندارید'...\")\n                check_text_match(\n                    transfer_page.get_empty_state_title_text(),\n                    trx_texts[\"empty_state_title\"],\n                    \"متن عنوان حالت خالی\"\n                )\n    \n            with allure.step(\"Verify 'Empty State Description' Text\"):\n                logger.info(\"بررسی متن 'اولین انتقال خود را انجام دهید'...\")\n                check_text_match(\n                    transfer_page.get_empty_state_description_text(),\n                    trx_texts[\"empty_state_description\"],\n                    \"متن توضیحات حالت خالی\"\n                )\n    \n            with allure.step(\"Click 'Activate Button'\"):\n                logger.info(\"کلیک روی دکمه 'فعال کردن'...\")\n                transfer_page.click_activate_button()\n                logger.info(\"دکمه 'فعال کردن' کلیک شد.\")\n    \n            with allure.step(\"Click 'Cancel Button'\"):\n                logger.info(\"کلیک روی دکمه 'الان نه'...\")\n                transfer_page.click_cancel_button()\n                logger.info(\"دکمه 'الان نه' کلیک شد.\")\n    \n            with allure.step(\"Click 'New Transfer Button'\"):\n                logger.info(\"کلیک روی دکمه 'انتقال جدید'...\")\n                transfer_page.click_new_transfer_button()\n                logger.info(\"دکمه 'انتقال جدید' کلیک شد.\")\n    \n    \n        except Exception as e:\n            logger.error(f\"خطا در بررسی صفحه انتقال: {e}\")\n            screenshot_path = capture_screenshot(driver, \"transfer_page_error\")\n            allure.attach.file(screenshot_path, name=\"transfer Error\", attachment_type=allure.attachment_type.PNG)\n>           raise e\n\ntests\\transfer\\test_transfer_page.py:118: \n_ _ _ _ _ _ _ _ _ _ _ _ _ _ _ _ _ _ _ _ _ _ _ _ _ _ _ _ _ _ _ _ _ _ _ _ _ _ _ _\ntests\\transfer\\test_transfer_page.py:42: in test_transfer_page\n    dashboard_page.transfer_tab_button()\npages\\dashboard\\dashboard_page.py:60: in transfer_tab_button\n    self.click_element((AppiumBy.ID, 'com.samanpr.blu.dev:id/nav_transfer'))\npages\\base_page.py:27: in click_element\n    element = self.find_element(locator, timeout)\npages\\base_page.py:21: in find_element\n    return WebDriverWait(self.driver, timeout).until(EC.presence_of_element_located(locator))\n_ _ _ _ _ _ _ _ _ _ _ _ _ _ _ _ _ _ _ _ _ _ _ _ _ _ _ _ _ _ _ _ _ _ _ _ _ _ _ _\n\nself = <selenium.webdriver.support.wait.WebDriverWait (session=\"6b2438a8-c5e1-48b6-926b-16a323948ad4\")>\nmethod = <function presence_of_element_located.<locals>._predicate at 0x0000023CAC2FC5E0>\nmessage = ''\n\n    def until(self, method: Callable[[D], Union[Literal[False], T]], message: str = \"\") -> T:\n        \"\"\"Calls the method provided with the driver as an argument until the \\\n        return value does not evaluate to ``False``.\n    \n        :param method: callable(WebDriver)\n        :param message: optional message for :exc:`TimeoutException`\n        :returns: the result of the last call to `method`\n        :raises: :exc:`selenium.common.exceptions.TimeoutException` if timeout occurs\n        \"\"\"\n        screen = None\n        stacktrace = None\n    \n        end_time = time.monotonic() + self._timeout\n        while True:\n            try:\n                value = method(self._driver)\n                if value:\n                    return value\n            except self._ignored_exceptions as exc:\n                screen = getattr(exc, \"screen\", None)\n                stacktrace = getattr(exc, \"stacktrace\", None)\n            time.sleep(self._poll)\n            if time.monotonic() > end_time:\n                break\n>       raise TimeoutException(message, screen, stacktrace)\nE       selenium.common.exceptions.TimeoutException: Message: \nE       Stacktrace:\nE       NoSuchElementError: An element could not be located on the page using the given search parameters.\nE           at AndroidUiautomator2Driver.findElOrEls (C:\\Users\\a.jamshidi\\.appium\\node_modules\\appium-uiautomator2-driver\\node_modules\\appium-android-driver\\lib\\commands\\find.ts:86:11)\nE           at processTicksAndRejections (node:internal/process/task_queues:95:5)\nE           at AndroidUiautomator2Driver.findElOrElsWithProcessing (C:\\Users\\a.jamshidi\\AppData\\Roaming\\npm\\node_modules\\appium\\node_modules\\@appium\\base-driver\\lib\\basedriver\\commands\\find.ts:60:12)\nE           at AndroidUiautomator2Driver.findElement (C:\\Users\\a.jamshidi\\AppData\\Roaming\\npm\\node_modules\\appium\\node_modules\\@appium\\base-driver\\lib\\basedriver\\commands\\find.ts:75:12)\n\n..\\..\\android_automation\\android_automation\\.venv\\lib\\site-packages\\selenium\\webdriver\\support\\wait.py:105: TimeoutException"}, "steps": [{"name": "Navigate to Transfer Tab", "status": "broken", "statusDetails": {"message": "selenium.common.exceptions.TimeoutException: Message: \nStacktrace:\nNoSuchElementError: An element could not be located on the page using the given search parameters.\n    at AndroidUiautomator2Driver.findElOrEls (C:\\Users\\a.jamshidi\\.appium\\node_modules\\appium-uiautomator2-driver\\node_modules\\appium-android-driver\\lib\\commands\\find.ts:86:11)\n    at processTicksAndRejections (node:internal/process/task_queues:95:5)\n    at AndroidUiautomator2Driver.findElOrElsWithProcessing (C:\\Users\\a.jamshidi\\AppData\\Roaming\\npm\\node_modules\\appium\\node_modules\\@appium\\base-driver\\lib\\basedriver\\commands\\find.ts:60:12)\n    at AndroidUiautomator2Driver.findElement (C:\\Users\\a.jamshidi\\AppData\\Roaming\\npm\\node_modules\\appium\\node_modules\\@appium\\base-driver\\lib\\basedriver\\commands\\find.ts:75:12)\n", "trace": "  File \"C:\\Users\\a.jamshidi\\Videos\\android-automation\\tests\\transfer\\test_transfer_page.py\", line 42, in test_transfer_page\n    dashboard_page.transfer_tab_button()\n  File \"C:\\Users\\a.jamshidi\\Videos\\android-automation\\pages\\dashboard\\dashboard_page.py\", line 60, in transfer_tab_button\n    self.click_element((AppiumBy.ID, 'com.samanpr.blu.dev:id/nav_transfer'))\n  File \"C:\\Users\\a.jamshidi\\Videos\\android-automation\\pages\\base_page.py\", line 27, in click_element\n    element = self.find_element(locator, timeout)\n  File \"C:\\Users\\a.jamshidi\\Videos\\android-automation\\pages\\base_page.py\", line 21, in find_element\n    return WebDriverWait(self.driver, timeout).until(EC.presence_of_element_located(locator))\n  File \"C:\\Users\\a.jamshidi\\android_automation\\android_automation\\.venv\\lib\\site-packages\\selenium\\webdriver\\support\\wait.py\", line 105, in until\n    raise TimeoutException(message, screen, stacktrace)\n"}, "start": 1740399201484, "stop": 1740399206586}], "attachments": [{"name": "transfer Error", "source": "b24e03bd-3613-4a00-9fef-393c33ec9e65-attachment.png", "type": "image/png"}, {"name": "log", "source": "4dddaf43-8fd7-455f-ab85-b3ccdfc53626-attachment.txt", "type": "text/plain"}, {"name": "stderr", "source": "ec0a0831-98e7-4334-b3e5-1b0fa294bfa2-attachment.txt", "type": "text/plain"}], "parameters": [{"name": "login_and_dashboard", "value": "'andauto1'"}], "start": 1740399201484, "stop": 1740399207711, "uuid": "ad5ea856-f928-476a-8c57-2aa654abf280", "historyId": "918e209bd82096830e05e7ed46101e07", "testCaseId": "7336ce3a8718df1cb6a3183424b97ab3", "fullName": "tests.transfer.test_transfer_page#test_transfer_page", "labels": [{"name": "suite", "value": "Version:v3.5.0"}, {"name": "subSuite", "value": "Text and Functionality Verification for Transfer Page"}, {"name": "feature", "value": "Transfer Page Verification"}, {"name": "story", "value": "Verify all text elements and functionality on Transfer page"}, {"name": "epic", "value": "Transfer"}, {"name": "severity", "value": "critical"}, {"name": "parentSuite", "value": "tests.transfer"}, {"name": "host", "value": "ajamshidi-lap-qa"}, {"name": "thread", "value": "47108-MainThread"}, {"name": "framework", "value": "pytest"}, {"name": "language", "value": "cpython3"}, {"name": "package", "value": "tests.transfer.test_transfer_page"}]}