{"name": "test_birth_certificate_old_upload", "status": "broken", "statusDetails": {"message": "selenium.common.exceptions.TimeoutException: Message: \nStacktrace:\nNoSuchElementError: An element could not be located on the page using the given search parameters.\n    at AndroidUiautomator2Driver.findElOrEls (C:\\Users\\a.jamshidi\\.appium\\node_modules\\appium-uiautomator2-driver\\node_modules\\appium-android-driver\\lib\\commands\\find.ts:86:11)\n    at processTicksAndRejections (node:internal/process/task_queues:95:5)\n    at AndroidUiautomator2Driver.findElOrElsWithProcessing (C:\\Users\\a.jamshidi\\AppData\\Roaming\\npm\\node_modules\\appium\\node_modules\\@appium\\base-driver\\lib\\basedriver\\commands\\find.ts:60:12)\n    at AndroidUiautomator2Driver.findElement (C:\\Users\\a.jamshidi\\AppData\\Roaming\\npm\\node_modules\\appium\\node_modules\\@appium\\base-driver\\lib\\basedriver\\commands\\find.ts:75:12)", "trace": "open_app_without_login = <appium.webdriver.webdriver.WebDriver (session=\"1c707b7e-aa1d-4270-a085-61eafe9a24c9\")>\n\n    @allure.epic(\"KYC\")\n    @allure.feature(\"Create a new user account - Old Birth Certificate Upload\")\n    @allure.story(\"Complete account creation by uploading old birth certificate\")\n    # Suites\n    @allure.suite(f\"version:{VERSION}\")\n    @allure.sub_suite(\"Tests for Old Birth Certificate Upload\")\n    @allure.severity(allure.severity_level.BLOCKER)\n    # Links\n    @allure.link(\"https://jira.sdb247.com/browse/\", name=\"Jira Task\")\n    def test_birth_certificate_old_upload(open_app_without_login):\n        driver = open_app_without_login\n        # تولید داده‌های کاربر\n        phone_number = mobile_number_generator()\n        tracing_code = national_code_generator()\n        username = username_generator()\n        # بارگذاری فایل JSON برای دریافت متون مرجع\n        text_reference = load_text_reference()\n>       setup_user_account_creation_steps(driver, phone_number, tracing_code, username, text_reference)\n\ntests\\kyc\\test_birth_certificate_old_upload.py:48: \n_ _ _ _ _ _ _ _ _ _ _ _ _ _ _ _ _ _ _ _ _ _ _ _ _ _ _ _ _ _ _ _ _ _ _ _ _ _ _ _\nutils\\common_flows.py:658: in setup_user_account_creation_steps\n    raise e\nutils\\common_flows.py:650: in setup_user_account_creation_steps\n    create_account_in_blu_state_page.click_confirm_button()\npages\\kyc\\kyc_pages.py:555: in click_confirm_button\n    confirm_button = WebDriverWait(self.driver, 10).until(\n_ _ _ _ _ _ _ _ _ _ _ _ _ _ _ _ _ _ _ _ _ _ _ _ _ _ _ _ _ _ _ _ _ _ _ _ _ _ _ _\n\nself = <selenium.webdriver.support.wait.WebDriverWait (session=\"1c707b7e-aa1d-4270-a085-61eafe9a24c9\")>\nmethod = <function presence_of_element_located.<locals>._predicate at 0x0000020542999DC0>\nmessage = ''\n\n    def until(self, method: Callable[[D], Union[Literal[False], T]], message: str = \"\") -> T:\n        \"\"\"Calls the method provided with the driver as an argument until the \\\n        return value does not evaluate to ``False``.\n    \n        :param method: callable(WebDriver)\n        :param message: optional message for :exc:`TimeoutException`\n        :returns: the result of the last call to `method`\n        :raises: :exc:`selenium.common.exceptions.TimeoutException` if timeout occurs\n        \"\"\"\n        screen = None\n        stacktrace = None\n    \n        end_time = time.monotonic() + self._timeout\n        while True:\n            try:\n                value = method(self._driver)\n                if value:\n                    return value\n            except self._ignored_exceptions as exc:\n                screen = getattr(exc, \"screen\", None)\n                stacktrace = getattr(exc, \"stacktrace\", None)\n            time.sleep(self._poll)\n            if time.monotonic() > end_time:\n                break\n>       raise TimeoutException(message, screen, stacktrace)\nE       selenium.common.exceptions.TimeoutException: Message: \nE       Stacktrace:\nE       NoSuchElementError: An element could not be located on the page using the given search parameters.\nE           at AndroidUiautomator2Driver.findElOrEls (C:\\Users\\a.jamshidi\\.appium\\node_modules\\appium-uiautomator2-driver\\node_modules\\appium-android-driver\\lib\\commands\\find.ts:86:11)\nE           at processTicksAndRejections (node:internal/process/task_queues:95:5)\nE           at AndroidUiautomator2Driver.findElOrElsWithProcessing (C:\\Users\\a.jamshidi\\AppData\\Roaming\\npm\\node_modules\\appium\\node_modules\\@appium\\base-driver\\lib\\basedriver\\commands\\find.ts:60:12)\nE           at AndroidUiautomator2Driver.findElement (C:\\Users\\a.jamshidi\\AppData\\Roaming\\npm\\node_modules\\appium\\node_modules\\@appium\\base-driver\\lib\\basedriver\\commands\\find.ts:75:12)\n\n..\\..\\android_automation\\android_automation\\.venv\\lib\\site-packages\\selenium\\webdriver\\support\\wait.py:105: TimeoutException"}, "steps": [{"name": "User Information Setup", "status": "passed", "start": 1740475782490, "stop": 1740475782490}, {"name": "Click on 'Create Account' button", "status": "passed", "start": 1740475785757, "stop": 1740475786505}, {"name": "Click on 'Open Account' button", "status": "passed", "start": 1740475786556, "stop": 1740475788874}, {"name": "Click on 'UAT' from server selection", "status": "passed", "start": 1740475788874, "stop": 1740475788980}, {"name": "Click on 'Start' button", "status": "passed", "start": 1740475788980, "stop": 1740475790863}, {"name": "Check 'accept_rule_page_title' text", "status": "passed", "start": 1740475790863, "stop": 1740475790938}, {"name": "Check 'accept_rule_page_subtitle' text", "status": "passed", "start": 1740475790938, "stop": 1740475791004}, {"name": "Check 'create_account_step_title' text", "status": "passed", "start": 1740475791004, "stop": 1740475791080}, {"name": "Check 'create_account_step_subtitle' text", "status": "passed", "start": 1740475791080, "stop": 1740475791175}, {"name": "Check 'Identification_step_title' text", "status": "passed", "start": 1740475791175, "stop": 1740475791268}, {"name": "Check 'Check_information_step_title' text", "status": "passed", "start": 1740475791268, "stop": 1740475791347}, {"name": "Check 'card_order_step_title' text", "status": "passed", "start": 1740475791347, "stop": 1740475791474}, {"name": "Check 'rules_and_regulations_title' text", "status": "passed", "start": 1740475791474, "stop": 1740475791598}, {"name": "Check 'confirm_button_title' text", "status": "passed", "start": 1740475791598, "stop": 1740475791716}, {"name": "Check and toggle the agreement switch", "status": "passed", "start": 1740475791716, "stop": 1740475792692}, {"name": "Click confirm button after toggle", "status": "passed", "start": 1740475792692, "stop": 1740475793956}, {"name": "Check 'phone_number_page_header' text", "status": "passed", "start": 1740475793956, "stop": 1740475794032}, {"name": "Check 'phone_number_page_title' text", "status": "passed", "start": 1740475794032, "stop": 1740475794100}, {"name": "Check 'phone_number_field_text' text", "status": "passed", "start": 1740475794100, "stop": 1740475794176}, {"name": "Check 'phone_number_page_subtitle' text", "status": "passed", "start": 1740475794176, "stop": 1740475794256}, {"name": "Enter phone number", "status": "passed", "start": 1740475794257, "stop": 1740475794986}, {"name": "Click next button", "status": "passed", "start": 1740475794986, "stop": 1740475797794}, {"name": "Check 'مانند:‌ MDMGKP' text", "status": "passed", "start": 1740475797794, "stop": 1740475797871}, {"name": "Check 'referral_page_title' text", "status": "passed", "start": 1740475797871, "stop": 1740475797934}, {"name": "Click next button", "status": "passed", "start": 1740475797934, "stop": 1740475799221}, {"name": "Check 'national_code_title' text", "status": "passed", "start": 1740475799221, "stop": 1740475799277}, {"name": "Check 'کد ملی ۱۰ رقمی' text", "status": "passed", "start": 1740475799278, "stop": 1740475799350}, {"name": "Enter national code", "status": "passed", "start": 1740475799350, "stop": 1740475800493}, {"name": "Click next button", "status": "passed", "start": 1740475800493, "stop": 1740475801803}, {"name": "Check 'birth_day_page_title' text", "status": "passed", "start": 1740475801804, "stop": 1740475802900}, {"name": "Check 'birth_day_empty_field_text' text", "status": "passed", "start": 1740475802900, "stop": 1740475802978}, {"name": "Scroll year field", "status": "passed", "start": 1740475802978, "stop": 1740475803565}, {"name": "Click next button", "status": "passed", "start": 1740475803565, "stop": 1740475805951}, {"name": "Check 'username_page_title' text", "status": "passed", "start": 1740475805951, "stop": 1740475806035}, {"name": "Check 'username_field_text' text", "status": "passed", "start": 1740475806035, "stop": 1740475806101}, {"name": "Enter new username", "status": "passed", "start": 1740475806101, "stop": 1740475807452}, {"name": "Click next button", "status": "passed", "start": 1740475807452, "stop": 1740475809053}, {"name": "Check 'password_page_title' text", "status": "passed", "start": 1740475809053, "stop": 1740475809126}, {"name": "Check 'password_page_field_text' text", "status": "passed", "start": 1740475809126, "stop": 1740475809186}, {"name": "Check 'password_condition_lowercase_and_uppercase' text", "status": "passed", "start": 1740475809186, "stop": 1740475809250}, {"name": "Check 'password_condition_minimum_characters' text", "status": "passed", "start": 1740475809250, "stop": 1740475809317}, {"name": "Check 'password_condition_number' text", "status": "passed", "start": 1740475809317, "stop": 1740475809399}, {"name": "Check 'password_page_subtitle' text", "status": "passed", "start": 1740475809399, "stop": 1740475809476}, {"name": "Enter password", "status": "passed", "start": 1740475809476, "stop": 1740475809580}, {"name": "Click next button", "status": "passed", "start": 1740475809580, "stop": 1740475810886}, {"name": "Click next button", "status": "broken", "statusDetails": {"message": "selenium.common.exceptions.TimeoutException: Message: \nStacktrace:\nNoSuchElementError: An element could not be located on the page using the given search parameters.\n    at AndroidUiautomator2Driver.findElOrEls (C:\\Users\\a.jamshidi\\.appium\\node_modules\\appium-uiautomator2-driver\\node_modules\\appium-android-driver\\lib\\commands\\find.ts:86:11)\n    at processTicksAndRejections (node:internal/process/task_queues:95:5)\n    at AndroidUiautomator2Driver.findElOrElsWithProcessing (C:\\Users\\a.jamshidi\\AppData\\Roaming\\npm\\node_modules\\appium\\node_modules\\@appium\\base-driver\\lib\\basedriver\\commands\\find.ts:60:12)\n    at AndroidUiautomator2Driver.findElement (C:\\Users\\a.jamshidi\\AppData\\Roaming\\npm\\node_modules\\appium\\node_modules\\@appium\\base-driver\\lib\\basedriver\\commands\\find.ts:75:12)\n", "trace": "  File \"C:\\Users\\a.jamshidi\\Videos\\android-automation\\utils\\common_flows.py\", line 650, in setup_user_account_creation_steps\n    create_account_in_blu_state_page.click_confirm_button()\n  File \"C:\\Users\\a.jamshidi\\Videos\\android-automation\\pages\\kyc\\kyc_pages.py\", line 555, in click_confirm_button\n    confirm_button = WebDriverWait(self.driver, 10).until(\n  File \"C:\\Users\\a.jamshidi\\android_automation\\android_automation\\.venv\\lib\\site-packages\\selenium\\webdriver\\support\\wait.py\", line 105, in until\n    raise TimeoutException(message, screen, stacktrace)\n"}, "start": 1740475810886, "stop": 1740475821226}], "attachments": [{"name": "Error Screenshot", "source": "d42038f9-11a1-45e1-b8b9-fe7838d02523-attachment.png", "type": "image/png"}, {"name": "log", "source": "6af73c69-34f1-400f-9d86-9e0fb14d3552-attachment.txt", "type": "text/plain"}, {"name": "stderr", "source": "9eeae15b-0fb2-4247-ab20-c3258465090f-attachment.txt", "type": "text/plain"}], "parameters": [{"name": "Phone Number", "value": "'09143008402'"}, {"name": "National Code", "value": "'7211405309'"}, {"name": "Username", "value": "'zorder2'"}], "start": 1740475782489, "stop": 1740475821615, "uuid": "b59ab358-ec5a-45ee-bc20-02dd9f5a825a", "historyId": "d414de642b26bc1e39c19a405c018c24", "testCaseId": "8dd0fc9c43daa497976fa20cd9650433", "fullName": "tests.kyc.test_birth_certificate_old_upload#test_birth_certificate_old_upload", "labels": [{"name": "feature", "value": "Create a new user account - Old Birth Certificate Upload"}, {"name": "subSuite", "value": "Tests for Old Birth Certificate Upload"}, {"name": "suite", "value": "version:v3.5.0"}, {"name": "story", "value": "Complete account creation by uploading old birth certificate"}, {"name": "epic", "value": "KYC"}, {"name": "severity", "value": "blocker"}, {"name": "parentSuite", "value": "tests.kyc"}, {"name": "host", "value": "ajamshidi-lap-qa"}, {"name": "thread", "value": "47136-MainThread"}, {"name": "framework", "value": "pytest"}, {"name": "language", "value": "cpython3"}, {"name": "package", "value": "tests.kyc.test_birth_certificate_old_upload"}], "links": [{"type": "link", "url": "https://jira.sdb247.com/browse/", "name": "Jira Task"}]}