{"name": "test_birth_certificate_old_upload", "status": "broken", "statusDetails": {"message": "selenium.common.exceptions.TimeoutException: Message: \nStacktrace:\nNoSuchElementError: An element could not be located on the page using the given search parameters.\n    at AndroidUiautomator2Driver.findElOrEls (C:\\Users\\a.jamshidi\\.appium\\node_modules\\appium-uiautomator2-driver\\node_modules\\appium-android-driver\\lib\\commands\\find.ts:86:11)\n    at processTicksAndRejections (node:internal/process/task_queues:95:5)\n    at AndroidUiautomator2Driver.findElOrElsWithProcessing (C:\\Users\\a.jamshidi\\AppData\\Roaming\\npm\\node_modules\\appium\\node_modules\\@appium\\base-driver\\lib\\basedriver\\commands\\find.ts:60:12)\n    at AndroidUiautomator2Driver.findElement (C:\\Users\\a.jamshidi\\AppData\\Roaming\\npm\\node_modules\\appium\\node_modules\\@appium\\base-driver\\lib\\basedriver\\commands\\find.ts:75:12)", "trace": "open_app_without_login = <appium.webdriver.webdriver.WebDriver (session=\"7082f7d6-426a-4a43-9b17-12daf1ed058a\")>\n\n    @allure.epic(\"KYC\")\n    @allure.feature(\"Create a new user account - Old Birth Certificate Upload\")\n    @allure.story(\"Complete account creation by uploading old birth certificate\")\n    # Suites\n    @allure.suite(f\"version:{VERSION}\")\n    @allure.sub_suite(\"Tests for Old Birth Certificate Upload\")\n    @allure.severity(allure.severity_level.BLOCKER)\n    # Links\n    @allure.link(\"https://jira.sdb247.com/browse/\", name=\"Jira Task\")\n    def test_birth_certificate_old_upload(open_app_without_login):\n        driver = open_app_without_login\n        # تولید داده‌های کاربر\n        phone_number = mobile_number_generator()\n        tracing_code = national_code_generator()\n        username = username_generator()\n        # بارگذاری فایل JSON برای دریافت متون مرجع\n        text_reference = load_text_reference()\n>       setup_user_account_creation_steps(driver, phone_number, tracing_code, username, text_reference)\n\ntests\\kyc\\test_birth_certificate_old_upload.py:48: \n_ _ _ _ _ _ _ _ _ _ _ _ _ _ _ _ _ _ _ _ _ _ _ _ _ _ _ _ _ _ _ _ _ _ _ _ _ _ _ _\nutils\\common_flows.py:658: in setup_user_account_creation_steps\n    raise e\nutils\\common_flows.py:650: in setup_user_account_creation_steps\n    create_account_in_blu_state_page.click_confirm_button()\npages\\kyc\\kyc_pages.py:555: in click_confirm_button\n    confirm_button = WebDriverWait(self.driver, 10).until(\n_ _ _ _ _ _ _ _ _ _ _ _ _ _ _ _ _ _ _ _ _ _ _ _ _ _ _ _ _ _ _ _ _ _ _ _ _ _ _ _\n\nself = <selenium.webdriver.support.wait.WebDriverWait (session=\"7082f7d6-426a-4a43-9b17-12daf1ed058a\")>\nmethod = <function presence_of_element_located.<locals>._predicate at 0x000001940C8BAAF0>\nmessage = ''\n\n    def until(self, method: Callable[[D], Union[Literal[False], T]], message: str = \"\") -> T:\n        \"\"\"Calls the method provided with the driver as an argument until the \\\n        return value does not evaluate to ``False``.\n    \n        :param method: callable(WebDriver)\n        :param message: optional message for :exc:`TimeoutException`\n        :returns: the result of the last call to `method`\n        :raises: :exc:`selenium.common.exceptions.TimeoutException` if timeout occurs\n        \"\"\"\n        screen = None\n        stacktrace = None\n    \n        end_time = time.monotonic() + self._timeout\n        while True:\n            try:\n                value = method(self._driver)\n                if value:\n                    return value\n            except self._ignored_exceptions as exc:\n                screen = getattr(exc, \"screen\", None)\n                stacktrace = getattr(exc, \"stacktrace\", None)\n            time.sleep(self._poll)\n            if time.monotonic() > end_time:\n                break\n>       raise TimeoutException(message, screen, stacktrace)\nE       selenium.common.exceptions.TimeoutException: Message: \nE       Stacktrace:\nE       NoSuchElementError: An element could not be located on the page using the given search parameters.\nE           at AndroidUiautomator2Driver.findElOrEls (C:\\Users\\a.jamshidi\\.appium\\node_modules\\appium-uiautomator2-driver\\node_modules\\appium-android-driver\\lib\\commands\\find.ts:86:11)\nE           at processTicksAndRejections (node:internal/process/task_queues:95:5)\nE           at AndroidUiautomator2Driver.findElOrElsWithProcessing (C:\\Users\\a.jamshidi\\AppData\\Roaming\\npm\\node_modules\\appium\\node_modules\\@appium\\base-driver\\lib\\basedriver\\commands\\find.ts:60:12)\nE           at AndroidUiautomator2Driver.findElement (C:\\Users\\a.jamshidi\\AppData\\Roaming\\npm\\node_modules\\appium\\node_modules\\@appium\\base-driver\\lib\\basedriver\\commands\\find.ts:75:12)\n\n..\\..\\android_automation\\android_automation\\.venv\\lib\\site-packages\\selenium\\webdriver\\support\\wait.py:105: TimeoutException"}, "steps": [{"name": "User Information Setup", "status": "passed", "start": 1740562282970, "stop": 1740562282971}, {"name": "Click on 'Create Account' button", "status": "passed", "start": 1740562283801, "stop": 1740562293874}, {"name": "Click on 'Open Account' button", "status": "passed", "start": 1740562297423, "stop": 1740562297580}, {"name": "Click on 'UAT' from server selection", "status": "passed", "start": 1740562297580, "stop": 1740562298956}, {"name": "Click on 'Start' button", "status": "passed", "start": 1740562298957, "stop": 1740562301291}, {"name": "Check 'accept_rule_page_title' text", "status": "passed", "start": 1740562301291, "stop": 1740562301392}, {"name": "Check 'accept_rule_page_subtitle' text", "status": "passed", "start": 1740562301392, "stop": 1740562301488}, {"name": "Check 'create_account_step_title' text", "status": "passed", "start": 1740562301488, "stop": 1740562301592}, {"name": "Check 'create_account_step_subtitle' text", "status": "passed", "start": 1740562301592, "stop": 1740562301720}, {"name": "Check 'Identification_step_title' text", "status": "passed", "start": 1740562301720, "stop": 1740562301835}, {"name": "Check 'Check_information_step_title' text", "status": "passed", "start": 1740562301835, "stop": 1740562301967}, {"name": "Check 'card_order_step_title' text", "status": "passed", "start": 1740562301967, "stop": 1740562302078}, {"name": "Check 'rules_and_regulations_title' text", "status": "passed", "start": 1740562302078, "stop": 1740562302224}, {"name": "Check 'confirm_button_title' text", "status": "passed", "start": 1740562302224, "stop": 1740562302357}, {"name": "Check and toggle the agreement switch", "status": "passed", "start": 1740562302357, "stop": 1740562303468}, {"name": "Click confirm button after toggle", "status": "passed", "start": 1740562303469, "stop": 1740562304857}, {"name": "Check 'phone_number_page_header' text", "status": "passed", "start": 1740562304857, "stop": 1740562304947}, {"name": "Check 'phone_number_page_title' text", "status": "passed", "start": 1740562304947, "stop": 1740562305042}, {"name": "Check 'phone_number_field_text' text", "status": "passed", "start": 1740562305042, "stop": 1740562305149}, {"name": "Check 'phone_number_page_subtitle' text", "status": "passed", "start": 1740562305149, "stop": 1740562305225}, {"name": "Enter phone number", "status": "passed", "start": 1740562305225, "stop": 1740562306010}, {"name": "Click next button", "status": "passed", "start": 1740562306011, "stop": 1740562309113}, {"name": "Check 'مانند:‌ MDMGKP' text", "status": "passed", "start": 1740562309113, "stop": 1740562309197}, {"name": "Check 'referral_page_title' text", "status": "passed", "start": 1740562309197, "stop": 1740562309269}, {"name": "Click next button", "status": "passed", "start": 1740562309269, "stop": 1740562310638}, {"name": "Check 'national_code_title' text", "status": "passed", "start": 1740562310638, "stop": 1740562310727}, {"name": "Check 'کد ملی ۱۰ رقمی' text", "status": "passed", "start": 1740562310727, "stop": 1740562310806}, {"name": "Enter national code", "status": "passed", "start": 1740562310806, "stop": 1740562311541}, {"name": "Click next button", "status": "passed", "start": 1740562311541, "stop": 1740562313644}, {"name": "Check 'birth_day_page_title' text", "status": "passed", "start": 1740562313644, "stop": 1740562313756}, {"name": "Check 'birth_day_empty_field_text' text", "status": "passed", "start": 1740562313756, "stop": 1740562313852}, {"name": "Scroll year field", "status": "passed", "start": 1740562313852, "stop": 1740562314456}, {"name": "Click next button", "status": "passed", "start": 1740562314456, "stop": 1740562316749}, {"name": "Check 'username_page_title' text", "status": "passed", "start": 1740562316749, "stop": 1740562316839}, {"name": "Check 'username_field_text' text", "status": "passed", "start": 1740562316839, "stop": 1740562316933}, {"name": "Enter new username", "status": "passed", "start": 1740562316933, "stop": 1740562318827}, {"name": "Click next button", "status": "passed", "start": 1740562318827, "stop": 1740562320265}, {"name": "Check 'password_page_title' text", "status": "passed", "start": 1740562320265, "stop": 1740562320344}, {"name": "Check 'password_page_field_text' text", "status": "passed", "start": 1740562320344, "stop": 1740562320446}, {"name": "Check 'password_condition_lowercase_and_uppercase' text", "status": "passed", "start": 1740562320446, "stop": 1740562320530}, {"name": "Check 'password_condition_minimum_characters' text", "status": "passed", "start": 1740562320531, "stop": 1740562320630}, {"name": "Check 'password_condition_number' text", "status": "passed", "start": 1740562320630, "stop": 1740562320723}, {"name": "Check 'password_page_subtitle' text", "status": "passed", "start": 1740562320723, "stop": 1740562320813}, {"name": "Enter password", "status": "passed", "start": 1740562320813, "stop": 1740562321553}, {"name": "Click next button", "status": "passed", "start": 1740562321554, "stop": 1740562323905}, {"name": "Click next button", "status": "broken", "statusDetails": {"message": "selenium.common.exceptions.TimeoutException: Message: \nStacktrace:\nNoSuchElementError: An element could not be located on the page using the given search parameters.\n    at AndroidUiautomator2Driver.findElOrEls (C:\\Users\\a.jamshidi\\.appium\\node_modules\\appium-uiautomator2-driver\\node_modules\\appium-android-driver\\lib\\commands\\find.ts:86:11)\n    at processTicksAndRejections (node:internal/process/task_queues:95:5)\n    at AndroidUiautomator2Driver.findElOrElsWithProcessing (C:\\Users\\a.jamshidi\\AppData\\Roaming\\npm\\node_modules\\appium\\node_modules\\@appium\\base-driver\\lib\\basedriver\\commands\\find.ts:60:12)\n    at AndroidUiautomator2Driver.findElement (C:\\Users\\a.jamshidi\\AppData\\Roaming\\npm\\node_modules\\appium\\node_modules\\@appium\\base-driver\\lib\\basedriver\\commands\\find.ts:75:12)\n", "trace": "  File \"C:\\Users\\a.jamshidi\\Videos\\android-automation\\utils\\common_flows.py\", line 650, in setup_user_account_creation_steps\n    create_account_in_blu_state_page.click_confirm_button()\n  File \"C:\\Users\\a.jamshidi\\Videos\\android-automation\\pages\\kyc\\kyc_pages.py\", line 555, in click_confirm_button\n    confirm_button = WebDriverWait(self.driver, 10).until(\n  File \"C:\\Users\\a.jamshidi\\android_automation\\android_automation\\.venv\\lib\\site-packages\\selenium\\webdriver\\support\\wait.py\", line 105, in until\n    raise TimeoutException(message, screen, stacktrace)\n"}, "start": 1740562323905, "stop": 1740562333942}], "attachments": [{"name": "Error Screenshot", "source": "bcb13122-85d8-43ba-977a-a1baca3d96b6-attachment.png", "type": "image/png"}, {"name": "log", "source": "ddd46a72-101e-428e-a801-ab826dad9d6a-attachment.txt", "type": "text/plain"}, {"name": "stderr", "source": "95059f9f-af0a-461c-8e79-35a088fd0db9-attachment.txt", "type": "text/plain"}], "parameters": [{"name": "Phone Number", "value": "'09154762316'"}, {"name": "National Code", "value": "'5425326408'"}, {"name": "Username", "value": "'force_card18'"}], "start": 1740562282966, "stop": 1740562334442, "uuid": "cd5a9275-b132-461f-b21c-374105b88fb1", "historyId": "37bc818fcd4bf0fbc2b23656609f32b9", "testCaseId": "8dd0fc9c43daa497976fa20cd9650433", "fullName": "tests.kyc.test_birth_certificate_old_upload#test_birth_certificate_old_upload", "labels": [{"name": "epic", "value": "KYC"}, {"name": "subSuite", "value": "Tests for Old Birth Certificate Upload"}, {"name": "story", "value": "Complete account creation by uploading old birth certificate"}, {"name": "feature", "value": "Create a new user account - Old Birth Certificate Upload"}, {"name": "suite", "value": "version:v3.5.0"}, {"name": "severity", "value": "blocker"}, {"name": "parentSuite", "value": "tests.kyc"}, {"name": "host", "value": "ajamshidi-lap-qa"}, {"name": "thread", "value": "57572-MainThread"}, {"name": "framework", "value": "pytest"}, {"name": "language", "value": "cpython3"}, {"name": "package", "value": "tests.kyc.test_birth_certificate_old_upload"}], "links": [{"type": "link", "url": "https://jira.sdb247.com/browse/", "name": "Jira Task"}]}