{"name": "test_transfer_page[andauto1]", "status": "broken", "statusDetails": {"message": "selenium.common.exceptions.TimeoutException: Message: \nStacktrace:\nNoSuchElementError: An element could not be located on the page using the given search parameters.\n    at AndroidUiautomator2Driver.findElOrEls (C:\\Users\\a.jamshidi\\.appium\\node_modules\\appium-uiautomator2-driver\\node_modules\\appium-android-driver\\lib\\commands\\find.ts:86:11)\n    at processTicksAndRejections (node:internal/process/task_queues:95:5)\n    at AndroidUiautomator2Driver.findElOrElsWithProcessing (C:\\Users\\a.jamshidi\\AppData\\Roaming\\npm\\node_modules\\appium\\node_modules\\@appium\\base-driver\\lib\\basedriver\\commands\\find.ts:60:12)\n    at AndroidUiautomator2Driver.findElement (C:\\Users\\a.jamshidi\\AppData\\Roaming\\npm\\node_modules\\appium\\node_modules\\@appium\\base-driver\\lib\\basedriver\\commands\\find.ts:75:12)", "trace": "login_and_dashboard = (<appium.webdriver.webdriver.WebDriver (session=\"56fe81e9-2488-454e-89af-f8f95791386f\")>, <pages.dashboard.dashboard_page.DashboardPage object at 0x0000028F795FAAF0>)\n\n    @allure.epic(\"Box\")\n    @allure.feature(\"Box Page Verification\")\n    @allure.story(\"Verify all text elements on Box page after closing onboarding\")\n    # Suites\n    @allure.suite(f\"Version:{VERSION}\")\n    @allure.sub_suite(\"Text Verification for Box Page\")\n    @allure.severity(allure.severity_level.CRITICAL)\n    @pytest.mark.parametrize(\"login_and_dashboard\", [\"andauto1\"], indirect=True)\n    def test_transfer_page(login_and_dashboard):\n        driver, dashboard_page = login_and_dashboard\n        text_reference = load_text_reference()\n        box_texts = text_reference[\"box_page\"]\n        transfer_page = TransferPage(driver)\n        try:\n            with allure.step(\"Navigate to Box Tab\"):\n                logger.info(\"ورود به تب انتقال...\")\n                dashboard_page.transfer_tab_button()\n                logger.info(\"وارد تب انتقال شد.\")\n    \n            with allure.step(\"Close the onboarding page\"):\n                logger.info(\"بستن صفحه انبوردینگ...\")\n                transfer_page.close_onboarding()\n                logger.info(\"صفحه انبوردینگ بسته شد.\")\n            #\n            # with allure.step(\"Verify Box Page is Displayed\"):\n            #     logger.info(\"بررسی نمایش صفحه باکس...\")\n            #     assert box_page.is_box_page_displayed(), \"صفحه باکس بعد از بستن انبوردینگ نمایش داده نشده است.\"\n            #     logger.info(\"صفحه باکس نمایش داده شد.\")\n            #\n            # with allure.step(\"Verify '۰ ریال' Text\"):\n            #     logger.info(\"بررسی متن '۰ ریال'...\")\n            #     check_text_match(\n            #         box_page.get_box_deposit_text(),\n            #         box_texts[\"box_deposit_text\"],\n            #         \"متن '۰ ریال'\"\n            #     )\n            #\n            # with allure.step(\"Verify 'موجودی باکس‌ها' Text\"):\n            #     logger.info(\"بررسی متن 'موجودی باکس‌ها'...\")\n            #     check_text_match(\n            #         box_page.get_box_deposit_description(),\n            #         box_texts[\"box_deposit_description\"],\n            #         \"متن 'موجودی باکس‌ها'\"\n            #     )\n            #\n            # with allure.step(\"Verify 'باکس فعالی ندارید' Text\"):\n            #     logger.info(\"بررسی متن 'باکس فعالی ندارید'...\")\n            #     check_text_match(\n            #         box_page.get_no_active_box_title(),\n            #         box_texts[\"no_active_box_title\"],\n            #         \"متن 'باکس فعالی ندارید'\"\n            #     )\n    \n        except Exception as e:\n            logger.error(f\"خطا در بررسی صفحه باکس: {e}\")\n            screenshot_path = capture_screenshot(driver, \"box_page_error\")\n            allure.attach.file(screenshot_path, name=\"Box Error\", attachment_type=allure.attachment_type.PNG)\n>           raise e\n\ntests\\transfer\\test_transfer_page.py:84: \n_ _ _ _ _ _ _ _ _ _ _ _ _ _ _ _ _ _ _ _ _ _ _ _ _ _ _ _ _ _ _ _ _ _ _ _ _ _ _ _\ntests\\transfer\\test_transfer_page.py:43: in test_transfer_page\n    dashboard_page.transfer_tab_button()\npages\\dashboard\\dashboard_page.py:60: in transfer_tab_button\n    self.click_element((AppiumBy.ID, 'com.samanpr.blu.dev:id/nav_transfer'))\npages\\base_page.py:27: in click_element\n    element = self.find_element(locator, timeout)\npages\\base_page.py:21: in find_element\n    return WebDriverWait(self.driver, timeout).until(EC.presence_of_element_located(locator))\n_ _ _ _ _ _ _ _ _ _ _ _ _ _ _ _ _ _ _ _ _ _ _ _ _ _ _ _ _ _ _ _ _ _ _ _ _ _ _ _\n\nself = <selenium.webdriver.support.wait.WebDriverWait (session=\"56fe81e9-2488-454e-89af-f8f95791386f\")>\nmethod = <function presence_of_element_located.<locals>._predicate at 0x0000028F79606B80>\nmessage = ''\n\n    def until(self, method: Callable[[D], Union[Literal[False], T]], message: str = \"\") -> T:\n        \"\"\"Calls the method provided with the driver as an argument until the \\\n        return value does not evaluate to ``False``.\n    \n        :param method: callable(WebDriver)\n        :param message: optional message for :exc:`TimeoutException`\n        :returns: the result of the last call to `method`\n        :raises: :exc:`selenium.common.exceptions.TimeoutException` if timeout occurs\n        \"\"\"\n        screen = None\n        stacktrace = None\n    \n        end_time = time.monotonic() + self._timeout\n        while True:\n            try:\n                value = method(self._driver)\n                if value:\n                    return value\n            except self._ignored_exceptions as exc:\n                screen = getattr(exc, \"screen\", None)\n                stacktrace = getattr(exc, \"stacktrace\", None)\n            time.sleep(self._poll)\n            if time.monotonic() > end_time:\n                break\n>       raise TimeoutException(message, screen, stacktrace)\nE       selenium.common.exceptions.TimeoutException: Message: \nE       Stacktrace:\nE       NoSuchElementError: An element could not be located on the page using the given search parameters.\nE           at AndroidUiautomator2Driver.findElOrEls (C:\\Users\\a.jamshidi\\.appium\\node_modules\\appium-uiautomator2-driver\\node_modules\\appium-android-driver\\lib\\commands\\find.ts:86:11)\nE           at processTicksAndRejections (node:internal/process/task_queues:95:5)\nE           at AndroidUiautomator2Driver.findElOrElsWithProcessing (C:\\Users\\a.jamshidi\\AppData\\Roaming\\npm\\node_modules\\appium\\node_modules\\@appium\\base-driver\\lib\\basedriver\\commands\\find.ts:60:12)\nE           at AndroidUiautomator2Driver.findElement (C:\\Users\\a.jamshidi\\AppData\\Roaming\\npm\\node_modules\\appium\\node_modules\\@appium\\base-driver\\lib\\basedriver\\commands\\find.ts:75:12)\n\n..\\..\\android_automation\\android_automation\\.venv\\lib\\site-packages\\selenium\\webdriver\\support\\wait.py:105: TimeoutException"}, "steps": [{"name": "Navigate to Box Tab", "status": "broken", "statusDetails": {"message": "selenium.common.exceptions.TimeoutException: Message: \nStacktrace:\nNoSuchElementError: An element could not be located on the page using the given search parameters.\n    at AndroidUiautomator2Driver.findElOrEls (C:\\Users\\a.jamshidi\\.appium\\node_modules\\appium-uiautomator2-driver\\node_modules\\appium-android-driver\\lib\\commands\\find.ts:86:11)\n    at processTicksAndRejections (node:internal/process/task_queues:95:5)\n    at AndroidUiautomator2Driver.findElOrElsWithProcessing (C:\\Users\\a.jamshidi\\AppData\\Roaming\\npm\\node_modules\\appium\\node_modules\\@appium\\base-driver\\lib\\basedriver\\commands\\find.ts:60:12)\n    at AndroidUiautomator2Driver.findElement (C:\\Users\\a.jamshidi\\AppData\\Roaming\\npm\\node_modules\\appium\\node_modules\\@appium\\base-driver\\lib\\basedriver\\commands\\find.ts:75:12)\n", "trace": "  File \"C:\\Users\\a.jamshidi\\Videos\\android-automation\\tests\\transfer\\test_transfer_page.py\", line 43, in test_transfer_page\n    dashboard_page.transfer_tab_button()\n  File \"C:\\Users\\a.jamshidi\\Videos\\android-automation\\pages\\dashboard\\dashboard_page.py\", line 60, in transfer_tab_button\n    self.click_element((AppiumBy.ID, 'com.samanpr.blu.dev:id/nav_transfer'))\n  File \"C:\\Users\\a.jamshidi\\Videos\\android-automation\\pages\\base_page.py\", line 27, in click_element\n    element = self.find_element(locator, timeout)\n  File \"C:\\Users\\a.jamshidi\\Videos\\android-automation\\pages\\base_page.py\", line 21, in find_element\n    return WebDriverWait(self.driver, timeout).until(EC.presence_of_element_located(locator))\n  File \"C:\\Users\\a.jamshidi\\android_automation\\android_automation\\.venv\\lib\\site-packages\\selenium\\webdriver\\support\\wait.py\", line 105, in until\n    raise TimeoutException(message, screen, stacktrace)\n"}, "start": 1740390574110, "stop": 1740390579366}], "attachments": [{"name": "Box Error", "source": "5b43cc61-3122-436d-b567-f9be64376e50-attachment.png", "type": "image/png"}, {"name": "log", "source": "fb4f014d-429c-44b2-b29f-8963ad662be9-attachment.txt", "type": "text/plain"}, {"name": "stderr", "source": "5af446a7-d7dc-47eb-b20c-b08de294c9a7-attachment.txt", "type": "text/plain"}], "parameters": [{"name": "login_and_dashboard", "value": "'andauto1'"}], "start": 1740390574110, "stop": 1740390579750, "uuid": "5f4ca5e8-09d6-4f90-bc18-143944c2a890", "historyId": "918e209bd82096830e05e7ed46101e07", "testCaseId": "7336ce3a8718df1cb6a3183424b97ab3", "fullName": "tests.transfer.test_transfer_page#test_transfer_page", "labels": [{"name": "epic", "value": "Box"}, {"name": "suite", "value": "Version:v3.5.0"}, {"name": "story", "value": "Verify all text elements on Box page after closing onboarding"}, {"name": "feature", "value": "Box Page Verification"}, {"name": "subSuite", "value": "Text Verification for Box Page"}, {"name": "severity", "value": "critical"}, {"name": "parentSuite", "value": "tests.transfer"}, {"name": "host", "value": "ajamshidi-lap-qa"}, {"name": "thread", "value": "42900-MainThread"}, {"name": "framework", "value": "pytest"}, {"name": "language", "value": "cpython3"}, {"name": "package", "value": "tests.transfer.test_transfer_page"}]}