{"name": "test_qr_page[suspeeeend106]", "status": "broken", "statusDetails": {"message": "selenium.common.exceptions.TimeoutException: Message: \nStacktrace:\nNoSuchElementError: An element could not be located on the page using the given search parameters.\n    at AndroidUiautomator2Driver.findElOrEls (C:\\Users\\a.jamshidi\\.appium\\node_modules\\appium-uiautomator2-driver\\node_modules\\appium-android-driver\\lib\\commands\\find.ts:86:11)\n    at processTicksAndRejections (node:internal/process/task_queues:95:5)\n    at AndroidUiautomator2Driver.findElOrElsWithProcessing (C:\\Users\\a.jamshidi\\AppData\\Roaming\\npm\\node_modules\\appium\\node_modules\\@appium\\base-driver\\lib\\basedriver\\commands\\find.ts:60:12)\n    at AndroidUiautomator2Driver.findElement (C:\\Users\\a.jamshidi\\AppData\\Roaming\\npm\\node_modules\\appium\\node_modules\\@appium\\base-driver\\lib\\basedriver\\commands\\find.ts:75:12)", "trace": "login_and_dashboard = (<appium.webdriver.webdriver.WebDriver (session=\"02b8afcf-d205-4117-8c02-911631ef65db\")>, <pages.dashboard.dashboard_page.DashboardPage object at 0x00000269AA277C40>)\n\n    @allure.epic(\"Hub\")\n    @allure.feature(\"QR Page\")\n    @allure.story(\"Verify all displayed texts on QR Page\")\n    # Suites\n    @allure.suite(f\"Version:{VERSION}\")\n    @allure.sub_suite(\"Text Verification for QR Page\")\n    @allure.severity(allure.severity_level.CRITICAL)\n    @pytest.mark.parametrize(\"login_and_dashboard\", [\"suspeeeend106\"], indirect=True)\n    def test_qr_page(login_and_dashboard):\n        driver, dashboard_page = login_and_dashboard\n        text_reference = load_text_reference()\n        qr_texts = text_reference[\"hub_page\"]\n        qr_page = QrPage(driver)\n        hub_page = HubPage(driver)\n        try:\n            with allure.step(\"Navigate to Hub Page\"):\n                logger.info(\"ورود به صفحه هاب...\")\n                dashboard_page.hub_tab_button()\n                logger.info(\"وارد صفحه هاب شد.\")\n    \n            with allure.step(\"Scroll to open QR page\"):\n                logger.info(\"اسکرول برای باز کردن صفحه اسکن...\")\n                hub_page.scroll()\n                logger.info(\"وارد صفحه اسکن شد.\")\n    \n    \n        except Exception as e:\n            logger.error(f\"خطا در بررسی متن‌های هاب: {e}\")\n            screenshot_path = capture_screenshot(driver, \"hub_text_verification_error\")\n            allure.attach.file(screenshot_path, name=\"Hub Error\", attachment_type=allure.attachment_type.PNG)\n>           raise e\n\ntests\\hub\\test_qr_page.py:54: \n_ _ _ _ _ _ _ _ _ _ _ _ _ _ _ _ _ _ _ _ _ _ _ _ _ _ _ _ _ _ _ _ _ _ _ _ _ _ _ _\ntests\\hub\\test_qr_page.py:41: in test_qr_page\n    dashboard_page.hub_tab_button()\npages\\dashboard\\dashboard_page.py:64: in hub_tab_button\n    self.click_element((AppiumBy.ID, 'com.samanpr.blu.dev:id/nav_payment'))\npages\\base_page.py:27: in click_element\n    element = self.find_element(locator, timeout)\npages\\base_page.py:21: in find_element\n    return WebDriverWait(self.driver, timeout).until(EC.presence_of_element_located(locator))\n_ _ _ _ _ _ _ _ _ _ _ _ _ _ _ _ _ _ _ _ _ _ _ _ _ _ _ _ _ _ _ _ _ _ _ _ _ _ _ _\n\nself = <selenium.webdriver.support.wait.WebDriverWait (session=\"02b8afcf-d205-4117-8c02-911631ef65db\")>\nmethod = <function presence_of_element_located.<locals>._predicate at 0x00000269AA2B8670>\nmessage = ''\n\n    def until(self, method: Callable[[D], Union[Literal[False], T]], message: str = \"\") -> T:\n        \"\"\"Calls the method provided with the driver as an argument until the \\\n        return value does not evaluate to ``False``.\n    \n        :param method: callable(WebDriver)\n        :param message: optional message for :exc:`TimeoutException`\n        :returns: the result of the last call to `method`\n        :raises: :exc:`selenium.common.exceptions.TimeoutException` if timeout occurs\n        \"\"\"\n        screen = None\n        stacktrace = None\n    \n        end_time = time.monotonic() + self._timeout\n        while True:\n            try:\n                value = method(self._driver)\n                if value:\n                    return value\n            except self._ignored_exceptions as exc:\n                screen = getattr(exc, \"screen\", None)\n                stacktrace = getattr(exc, \"stacktrace\", None)\n            time.sleep(self._poll)\n            if time.monotonic() > end_time:\n                break\n>       raise TimeoutException(message, screen, stacktrace)\nE       selenium.common.exceptions.TimeoutException: Message: \nE       Stacktrace:\nE       NoSuchElementError: An element could not be located on the page using the given search parameters.\nE           at AndroidUiautomator2Driver.findElOrEls (C:\\Users\\a.jamshidi\\.appium\\node_modules\\appium-uiautomator2-driver\\node_modules\\appium-android-driver\\lib\\commands\\find.ts:86:11)\nE           at processTicksAndRejections (node:internal/process/task_queues:95:5)\nE           at AndroidUiautomator2Driver.findElOrElsWithProcessing (C:\\Users\\a.jamshidi\\AppData\\Roaming\\npm\\node_modules\\appium\\node_modules\\@appium\\base-driver\\lib\\basedriver\\commands\\find.ts:60:12)\nE           at AndroidUiautomator2Driver.findElement (C:\\Users\\a.jamshidi\\AppData\\Roaming\\npm\\node_modules\\appium\\node_modules\\@appium\\base-driver\\lib\\basedriver\\commands\\find.ts:75:12)\n\n..\\..\\android_automation\\android_automation\\.venv\\lib\\site-packages\\selenium\\webdriver\\support\\wait.py:105: TimeoutException"}, "steps": [{"name": "Navigate to Hub Page", "status": "broken", "statusDetails": {"message": "selenium.common.exceptions.TimeoutException: Message: \nStacktrace:\nNoSuchElementError: An element could not be located on the page using the given search parameters.\n    at AndroidUiautomator2Driver.findElOrEls (C:\\Users\\a.jamshidi\\.appium\\node_modules\\appium-uiautomator2-driver\\node_modules\\appium-android-driver\\lib\\commands\\find.ts:86:11)\n    at processTicksAndRejections (node:internal/process/task_queues:95:5)\n    at AndroidUiautomator2Driver.findElOrElsWithProcessing (C:\\Users\\a.jamshidi\\AppData\\Roaming\\npm\\node_modules\\appium\\node_modules\\@appium\\base-driver\\lib\\basedriver\\commands\\find.ts:60:12)\n    at AndroidUiautomator2Driver.findElement (C:\\Users\\a.jamshidi\\AppData\\Roaming\\npm\\node_modules\\appium\\node_modules\\@appium\\base-driver\\lib\\basedriver\\commands\\find.ts:75:12)\n", "trace": "  File \"C:\\Users\\a.jamshidi\\Videos\\android-automation\\tests\\hub\\test_qr_page.py\", line 41, in test_qr_page\n    dashboard_page.hub_tab_button()\n  File \"C:\\Users\\a.jamshidi\\Videos\\android-automation\\pages\\dashboard\\dashboard_page.py\", line 64, in hub_tab_button\n    self.click_element((AppiumBy.ID, 'com.samanpr.blu.dev:id/nav_payment'))\n  File \"C:\\Users\\a.jamshidi\\Videos\\android-automation\\pages\\base_page.py\", line 27, in click_element\n    element = self.find_element(locator, timeout)\n  File \"C:\\Users\\a.jamshidi\\Videos\\android-automation\\pages\\base_page.py\", line 21, in find_element\n    return WebDriverWait(self.driver, timeout).until(EC.presence_of_element_located(locator))\n  File \"C:\\Users\\a.jamshidi\\android_automation\\android_automation\\.venv\\lib\\site-packages\\selenium\\webdriver\\support\\wait.py\", line 105, in until\n    raise TimeoutException(message, screen, stacktrace)\n"}, "start": 1740211515598, "stop": 1740211520820}], "attachments": [{"name": "Hub Error", "source": "b1acee09-ffcb-4ca8-8eaa-1968021a4199-attachment.png", "type": "image/png"}, {"name": "log", "source": "88e901c3-bdab-4901-bb36-5580935c9388-attachment.txt", "type": "text/plain"}, {"name": "stderr", "source": "da23a547-637a-4d26-9a43-d9a0b3ca2ab7-attachment.txt", "type": "text/plain"}], "parameters": [{"name": "login_and_dashboard", "value": "'suspeeeend106'"}], "start": 1740211515598, "stop": 1740211521192, "uuid": "c5866b58-ab0c-4bf5-8eac-4d72de635d8e", "historyId": "583f9580c85d15c06ad11afa115af4e4", "testCaseId": "35ee7a6af2c6a47404ee8451ecd62d03", "fullName": "tests.hub.test_qr_page#test_qr_page", "labels": [{"name": "epic", "value": "Hub"}, {"name": "story", "value": "Verify all displayed texts on QR Page"}, {"name": "subSuite", "value": "Text Verification for QR Page"}, {"name": "feature", "value": "QR Page"}, {"name": "suite", "value": "Version:v3.5.0"}, {"name": "severity", "value": "critical"}, {"name": "parentSuite", "value": "tests.hub"}, {"name": "host", "value": "ajamshidi-lap-qa"}, {"name": "thread", "value": "287768-MainThread"}, {"name": "framework", "value": "pytest"}, {"name": "language", "value": "cpython3"}, {"name": "package", "value": "tests.hub.test_qr_page"}]}